#
# There is insufficient memory for the Java Runtime Environment to continue.
# Native memory allocation (malloc) failed to allocate 1048576 bytes for AllocateHeap
# Possible reasons:
#   The system is out of physical RAM or swap space
#   The process is running with CompressedOops enabled, and the Java Heap may be blocking the growth of the native heap
# Possible solutions:
#   Reduce memory load on the system
#   Increase physical memory or swap space
#   Check if swap backing store is full
#   Decrease Java heap size (-Xmx/-Xms)
#   Decrease number of Java threads
#   Decrease Java thread stack sizes (-Xss)
#   Set larger code cache with -XX:ReservedCodeCacheSize=
#   JVM is running with Unscaled Compressed Oops mode in which the Java heap is
#     placed in the first 4GB address space. The Java Heap base address is the
#     maximum limit for the native heap growth. Please use -XX:HeapBaseMinAddress
#     to set the Java Heap base and to place the Java Heap above 4GB virtual address.
# This output file may be truncated or incomplete.
#
#  Out of Memory Error (./open/src/hotspot/share/memory/allocation.cpp:46), pid=2400, tid=4004
#
# JRE version: Java(TM) SE Runtime Environment 18.9 (11.0.15+8) (build 11.0.15+8-LTS-149)
# Java VM: Java HotSpot(TM) 64-Bit Server VM 18.9 (11.0.15+8-LTS-149, mixed mode, tiered, compressed oops, g1 gc, windows-amd64)
# No core dump will be written. Minidumps are not enabled by default on client versions of Windows
#

---------------  S U M M A R Y ------------

Command Line: -Dfile.encoding=UTF-8 com.transactiondetail.demo.TransactionDetailServiceApplication

Host: Intel(R) Core(TM) i5-8250U CPU @ 1.60GHz, 8 cores, 7G,  Windows 11 , 64 bit Build 22000 (10.0.22000.708)
Time: Tue Sep  6 22:22:16 2022 India Standard Time elapsed time: 0.442131 seconds (0d 0h 0m 0s)

---------------  T H R E A D  ---------------

Current thread (0x0000029db5cf2000):  VMThread "VM Thread" [stack: 0x000000c9ba600000,0x000000c9ba700000] [id=4004]

Stack: [0x000000c9ba600000,0x000000c9ba700000]
[error occurred during error reporting (printing stack bounds), id 0xc0000005, EXCEPTION_ACCESS_VIOLATION (0xc0000005) at pc=0x0000029d9f4c0f2d]

Native frames: (J=compiled Java code, j=interpreted, Vv=VM code, C=native code)
V  [jvm.dll+0x629d8a]
V  [jvm.dll+0x7638ff]
V  [jvm.dll+0x764fa9]
V  [jvm.dll+0x765595]
V  [jvm.dll+0x76554b]
V  [jvm.dll+0x629273]
V  [jvm.dll+0x629988]
C  [ntdll.dll+0xa8fcf]
C  [ntdll.dll+0x35e9a]
C  [ntdll.dll+0xa7fde]
C  0x0000029d9f4c0f2d

VM_Operation (0x000000c9ba0fb940): CollectForMetadataAllocation, mode: safepoint, requested by thread 0x0000029d97e1d000


---------------  P R O C E S S  ---------------

Threads class SMR info:
_java_thread_list=0x0000029db68117c0, length=11, elements={
0x0000029d97e1d000, 0x0000029db5d16800, 0x0000029db5d1f800, 0x0000029db5d31800,
0x0000029db5d33000, 0x0000029db5d38000, 0x0000029db5d3a000, 0x0000029db668c000,
0x0000029db668f000, 0x0000029db6818800, 0x0000029db68b5800
}

Java Threads: ( => current thread )
  0x0000029d97e1d000 JavaThread "main" [_thread_blocked, id=1244, stack(0x000000c9ba000000,0x000000c9ba100000)]
  0x0000029db5d16800 JavaThread "Reference Handler" daemon [_thread_blocked, id=12136, stack(0x000000c9ba700000,0x000000c9ba800000)]
  0x0000029db5d1f800 JavaThread "Finalizer" daemon [_thread_blocked, id=15876, stack(0x000000c9ba800000,0x000000c9ba900000)]
  0x0000029db5d31800 JavaThread "Signal Dispatcher" daemon [_thread_blocked, id=13672, stack(0x000000c9ba900000,0x000000c9baa00000)]
  0x0000029db5d33000 JavaThread "Attach Listener" daemon [_thread_blocked, id=276, stack(0x000000c9baa00000,0x000000c9bab00000)]
  0x0000029db5d38000 JavaThread "Service Thread" daemon [_thread_blocked, id=10848, stack(0x000000c9bab00000,0x000000c9bac00000)]
  0x0000029db5d3a000 JavaThread "C2 CompilerThread0" daemon [_thread_blocked, id=13112, stack(0x000000c9bac00000,0x000000c9bad00000)]
  0x0000029db668c000 JavaThread "C1 CompilerThread0" daemon [_thread_blocked, id=8140, stack(0x000000c9bad00000,0x000000c9bae00000)]
  0x0000029db668f000 JavaThread "Sweeper thread" daemon [_thread_blocked, id=7492, stack(0x000000c9bae00000,0x000000c9baf00000)]
  0x0000029db6818800 JavaThread "Common-Cleaner" daemon [_thread_blocked, id=17180, stack(0x000000c9bb000000,0x000000c9bb100000)]
  0x0000029db68b5800 JavaThread "C2 CompilerThread1" daemon [_thread_blocked, id=15028, stack(0x000000c9bb100000,0x000000c9bb200000)]

Other Threads:
=>0x0000029db5cf2000 VMThread "VM Thread" [stack: 0x000000c9ba600000,0x000000c9ba700000] [id=4004]
  0x0000029db681c000 WatcherThread [stack: 0x000000c9baf00000,0x000000c9bb000000] [id=13320]
  0x0000029d97e32000 GCTaskThread "GC Thread#0" [stack: 0x000000c9ba100000,0x000000c9ba200000] [id=16356]
  0x0000029db6dc9000 GCTaskThread "GC Thread#1" [stack: 0x000000c9bb200000,0x000000c9bb300000] [id=9936]
  0x0000029db6bbc800 GCTaskThread "GC Thread#2" [stack: 0x000000c9bb300000,0x000000c9bb400000] [id=16424]
  0x0000029d97e64800 ConcurrentGCThread "G1 Main Marker" [stack: 0x000000c9ba200000,0x000000c9ba300000] [id=18408]
  0x0000029d97e66800 ConcurrentGCThread "G1 Conc#0" [stack: 0x000000c9ba300000,0x000000c9ba400000] [id=12960]
  0x0000029db6b86800 ConcurrentGCThread "G1 Conc#1" [stack: 0x000000c9bb400000,0x000000c9bb500000] [id=15260]
  0x0000029d97ee9000 ConcurrentGCThread "G1 Refine#0" [stack: 0x000000c9ba400000,0x000000c9ba500000] [id=6624]
  0x0000029db5b62800 ConcurrentGCThread "G1 Young RemSet Sampling" [stack: 0x000000c9ba500000,0x000000c9ba600000] [id=16672]

Threads with active compile tasks:

VM state:at safepoint (normal execution)

VM Mutex/Monitor currently owned by a thread:  ([mutex/lock_event])
[0x0000029d97e18f30] Threads_lock - owner thread: 0x0000029db5cf2000
[0x0000029d97e18750] Heap_lock - owner thread: 0x0000029d97e1d000

Heap address: 0x0000000082000000, size: 2016 MB, Compressed Oops mode: 32-bit
Narrow klass base: 0x0000000000000000, Narrow klass shift: 3
Compressed class space size: 1073741824 Address: 0x0000000100000000

Heap:
 garbage-first heap   total 129024K, used 6887K [0x0000000082000000, 0x0000000100000000)
  region size 1024K, 3 young (3072K), 3 survivors (3072K)
 Metaspace       used 6664K, capacity 6724K, committed 6784K, reserved 1069056K
  class space    used 587K, capacity 624K, committed 640K, reserved 1048576K
Heap Regions: E=young(eden), S=young(survivor), O=old, HS=humongous(starts), HC=humongous(continues), CS=collection set, F=free, A=archive, TAMS=top-at-mark-start (previous, next)
|   0|0x0000000082000000, 0x0000000082100000, 0x0000000082100000|100%|HS|  |TAMS 0x0000000082000000, 0x0000000082100000| Complete 
|   1|0x0000000082100000, 0x0000000082100000, 0x0000000082200000|  0%| F|  |TAMS 0x0000000082100000, 0x0000000082100000| Untracked 
|   2|0x0000000082200000, 0x0000000082300000, 0x0000000082300000|100%| O|  |TAMS 0x0000000082200000, 0x0000000082300000| Untracked 
|   3|0x0000000082300000, 0x0000000082400000, 0x0000000082400000|100%| O|  |TAMS 0x0000000082300000, 0x0000000082400000| Untracked 
|   4|0x0000000082400000, 0x00000000824b9e00, 0x0000000082500000| 72%| O|  |TAMS 0x0000000082400000, 0x00000000824b9e00| Untracked 
|   5|0x0000000082500000, 0x0000000082500000, 0x0000000082600000|  0%| F|  |TAMS 0x0000000082500000, 0x0000000082500000| Untracked 
|   6|0x0000000082600000, 0x0000000082600000, 0x0000000082700000|  0%| F|  |TAMS 0x0000000082600000, 0x0000000082600000| Untracked 
|   7|0x0000000082700000, 0x0000000082700000, 0x0000000082800000|  0%| F|  |TAMS 0x0000000082700000, 0x0000000082700000| Untracked 
|   8|0x0000000082800000, 0x0000000082800000, 0x0000000082900000|  0%| F|  |TAMS 0x0000000082800000, 0x0000000082800000| Untracked 
|   9|0x0000000082900000, 0x0000000082900000, 0x0000000082a00000|  0%| F|  |TAMS 0x0000000082900000, 0x0000000082900000| Untracked 
|  10|0x0000000082a00000, 0x0000000082a00000, 0x0000000082b00000|  0%| F|  |TAMS 0x0000000082a00000, 0x0000000082a00000| Untracked 
|  11|0x0000000082b00000, 0x0000000082b00000, 0x0000000082c00000|  0%| F|  |TAMS 0x0000000082b00000, 0x0000000082b00000| Untracked 
|  12|0x0000000082c00000, 0x0000000082c00000, 0x0000000082d00000|  0%| F|  |TAMS 0x0000000082c00000, 0x0000000082c00000| Untracked 
|  13|0x0000000082d00000, 0x0000000082d00000, 0x0000000082e00000|  0%| F|  |TAMS 0x0000000082d00000, 0x0000000082d00000| Untracked 
|  14|0x0000000082e00000, 0x0000000082e00000, 0x0000000082f00000|  0%| F|  |TAMS 0x0000000082e00000, 0x0000000082e00000| Untracked 
|  15|0x0000000082f00000, 0x0000000082f00000, 0x0000000083000000|  0%| F|  |TAMS 0x0000000082f00000, 0x0000000082f00000| Untracked 
|  16|0x0000000083000000, 0x0000000083000000, 0x0000000083100000|  0%| F|  |TAMS 0x0000000083000000, 0x0000000083000000| Untracked 
|  17|0x0000000083100000, 0x0000000083100000, 0x0000000083200000|  0%| F|  |TAMS 0x0000000083100000, 0x0000000083100000| Untracked 
|  18|0x0000000083200000, 0x0000000083200000, 0x0000000083300000|  0%| F|  |TAMS 0x0000000083200000, 0x0000000083200000| Untracked 
|  19|0x0000000083300000, 0x0000000083300000, 0x0000000083400000|  0%| F|  |TAMS 0x0000000083300000, 0x0000000083300000| Untracked 
|  20|0x0000000083400000, 0x0000000083400000, 0x0000000083500000|  0%| F|  |TAMS 0x0000000083400000, 0x0000000083400000| Untracked 
|  21|0x0000000083500000, 0x0000000083500000, 0x0000000083600000|  0%| F|  |TAMS 0x0000000083500000, 0x0000000083500000| Untracked 
|  22|0x0000000083600000, 0x0000000083600000, 0x0000000083700000|  0%| F|  |TAMS 0x0000000083600000, 0x0000000083600000| Untracked 
|  23|0x0000000083700000, 0x0000000083700000, 0x0000000083800000|  0%| F|  |TAMS 0x0000000083700000, 0x0000000083700000| Untracked 
|  24|0x0000000083800000, 0x0000000083800000, 0x0000000083900000|  0%| F|  |TAMS 0x0000000083800000, 0x0000000083800000| Untracked 
|  25|0x0000000083900000, 0x0000000083900000, 0x0000000083a00000|  0%| F|  |TAMS 0x0000000083900000, 0x0000000083900000| Untracked 
|  26|0x0000000083a00000, 0x0000000083a00000, 0x0000000083b00000|  0%| F|  |TAMS 0x0000000083a00000, 0x0000000083a00000| Untracked 
|  27|0x0000000083b00000, 0x0000000083b00000, 0x0000000083c00000|  0%| F|  |TAMS 0x0000000083b00000, 0x0000000083b00000| Untracked 
|  28|0x0000000083c00000, 0x0000000083c00000, 0x0000000083d00000|  0%| F|  |TAMS 0x0000000083c00000, 0x0000000083c00000| Untracked 
|  29|0x0000000083d00000, 0x0000000083d00000, 0x0000000083e00000|  0%| F|  |TAMS 0x0000000083d00000, 0x0000000083d00000| Untracked 
|  30|0x0000000083e00000, 0x0000000083e00000, 0x0000000083f00000|  0%| F|  |TAMS 0x0000000083e00000, 0x0000000083e00000| Untracked 
|  31|0x0000000083f00000, 0x0000000083f00000, 0x0000000084000000|  0%| F|  |TAMS 0x0000000083f00000, 0x0000000083f00000| Untracked 
|  32|0x0000000084000000, 0x0000000084000000, 0x0000000084100000|  0%| F|  |TAMS 0x0000000084000000, 0x0000000084000000| Untracked 
|  33|0x0000000084100000, 0x0000000084100000, 0x0000000084200000|  0%| F|  |TAMS 0x0000000084100000, 0x0000000084100000| Untracked 
|  34|0x0000000084200000, 0x0000000084200000, 0x0000000084300000|  0%| F|  |TAMS 0x0000000084200000, 0x0000000084200000| Untracked 
|  35|0x0000000084300000, 0x0000000084300000, 0x0000000084400000|  0%| F|  |TAMS 0x0000000084300000, 0x0000000084300000| Untracked 
|  36|0x0000000084400000, 0x0000000084400000, 0x0000000084500000|  0%| F|  |TAMS 0x0000000084400000, 0x0000000084400000| Untracked 
|  37|0x0000000084500000, 0x0000000084500000, 0x0000000084600000|  0%| F|  |TAMS 0x0000000084500000, 0x0000000084500000| Untracked 
|  38|0x0000000084600000, 0x0000000084600000, 0x0000000084700000|  0%| F|  |TAMS 0x0000000084600000, 0x0000000084600000| Untracked 
|  39|0x0000000084700000, 0x0000000084700000, 0x0000000084800000|  0%| F|  |TAMS 0x0000000084700000, 0x0000000084700000| Untracked 
|  40|0x0000000084800000, 0x0000000084800000, 0x0000000084900000|  0%| F|  |TAMS 0x0000000084800000, 0x0000000084800000| Untracked 
|  41|0x0000000084900000, 0x0000000084900000, 0x0000000084a00000|  0%| F|  |TAMS 0x0000000084900000, 0x0000000084900000| Untracked 
|  42|0x0000000084a00000, 0x0000000084a00000, 0x0000000084b00000|  0%| F|  |TAMS 0x0000000084a00000, 0x0000000084a00000| Untracked 
|  43|0x0000000084b00000, 0x0000000084b00000, 0x0000000084c00000|  0%| F|  |TAMS 0x0000000084b00000, 0x0000000084b00000| Untracked 
|  44|0x0000000084c00000, 0x0000000084c00000, 0x0000000084d00000|  0%| F|  |TAMS 0x0000000084c00000, 0x0000000084c00000| Untracked 
|  45|0x0000000084d00000, 0x0000000084d00000, 0x0000000084e00000|  0%| F|  |TAMS 0x0000000084d00000, 0x0000000084d00000| Untracked 
|  46|0x0000000084e00000, 0x0000000084e00000, 0x0000000084f00000|  0%| F|  |TAMS 0x0000000084e00000, 0x0000000084e00000| Untracked 
|  47|0x0000000084f00000, 0x0000000084f00000, 0x0000000085000000|  0%| F|  |TAMS 0x0000000084f00000, 0x0000000084f00000| Untracked 
|  48|0x0000000085000000, 0x0000000085000000, 0x0000000085100000|  0%| F|  |TAMS 0x0000000085000000, 0x0000000085000000| Untracked 
|  49|0x0000000085100000, 0x0000000085100000, 0x0000000085200000|  0%| F|  |TAMS 0x0000000085100000, 0x0000000085100000| Untracked 
|  50|0x0000000085200000, 0x0000000085200000, 0x0000000085300000|  0%| F|  |TAMS 0x0000000085200000, 0x0000000085200000| Untracked 
|  51|0x0000000085300000, 0x0000000085300000, 0x0000000085400000|  0%| F|  |TAMS 0x0000000085300000, 0x0000000085300000| Untracked 
|  52|0x0000000085400000, 0x0000000085400000, 0x0000000085500000|  0%| F|  |TAMS 0x0000000085400000, 0x0000000085400000| Untracked 
|  53|0x0000000085500000, 0x0000000085500000, 0x0000000085600000|  0%| F|  |TAMS 0x0000000085500000, 0x0000000085500000| Untracked 
|  54|0x0000000085600000, 0x0000000085600000, 0x0000000085700000|  0%| F|  |TAMS 0x0000000085600000, 0x0000000085600000| Untracked 
|  55|0x0000000085700000, 0x0000000085700000, 0x0000000085800000|  0%| F|  |TAMS 0x0000000085700000, 0x0000000085700000| Untracked 
|  56|0x0000000085800000, 0x0000000085800000, 0x0000000085900000|  0%| F|  |TAMS 0x0000000085800000, 0x0000000085800000| Untracked 
|  57|0x0000000085900000, 0x0000000085900000, 0x0000000085a00000|  0%| F|  |TAMS 0x0000000085900000, 0x0000000085900000| Untracked 
|  58|0x0000000085a00000, 0x0000000085a00000, 0x0000000085b00000|  0%| F|  |TAMS 0x0000000085a00000, 0x0000000085a00000| Untracked 
|  59|0x0000000085b00000, 0x0000000085b00000, 0x0000000085c00000|  0%| F|  |TAMS 0x0000000085b00000, 0x0000000085b00000| Untracked 
|  60|0x0000000085c00000, 0x0000000085c00000, 0x0000000085d00000|  0%| F|  |TAMS 0x0000000085c00000, 0x0000000085c00000| Untracked 
|  61|0x0000000085d00000, 0x0000000085d00000, 0x0000000085e00000|  0%| F|  |TAMS 0x0000000085d00000, 0x0000000085d00000| Untracked 
|  62|0x0000000085e00000, 0x0000000085e00000, 0x0000000085f00000|  0%| F|  |TAMS 0x0000000085e00000, 0x0000000085e00000| Untracked 
|  63|0x0000000085f00000, 0x0000000085f00000, 0x0000000086000000|  0%| F|  |TAMS 0x0000000085f00000, 0x0000000085f00000| Untracked 
|  64|0x0000000086000000, 0x0000000086000000, 0x0000000086100000|  0%| F|  |TAMS 0x0000000086000000, 0x0000000086000000| Untracked 
|  65|0x0000000086100000, 0x0000000086100000, 0x0000000086200000|  0%| F|  |TAMS 0x0000000086100000, 0x0000000086100000| Untracked 
|  66|0x0000000086200000, 0x0000000086200000, 0x0000000086300000|  0%| F|  |TAMS 0x0000000086200000, 0x0000000086200000| Untracked 
|  67|0x0000000086300000, 0x0000000086300000, 0x0000000086400000|  0%| F|  |TAMS 0x0000000086300000, 0x0000000086300000| Untracked 
|  68|0x0000000086400000, 0x0000000086400000, 0x0000000086500000|  0%| F|  |TAMS 0x0000000086400000, 0x0000000086400000| Untracked 
|  69|0x0000000086500000, 0x0000000086500000, 0x0000000086600000|  0%| F|  |TAMS 0x0000000086500000, 0x0000000086500000| Untracked 
|  70|0x0000000086600000, 0x0000000086600000, 0x0000000086700000|  0%| F|  |TAMS 0x0000000086600000, 0x0000000086600000| Untracked 
|  71|0x0000000086700000, 0x0000000086700000, 0x0000000086800000|  0%| F|  |TAMS 0x0000000086700000, 0x0000000086700000| Untracked 
|  72|0x0000000086800000, 0x0000000086800000, 0x0000000086900000|  0%| F|  |TAMS 0x0000000086800000, 0x0000000086800000| Untracked 
|  73|0x0000000086900000, 0x0000000086900000, 0x0000000086a00000|  0%| F|  |TAMS 0x0000000086900000, 0x0000000086900000| Untracked 
|  74|0x0000000086a00000, 0x0000000086a00000, 0x0000000086b00000|  0%| F|  |TAMS 0x0000000086a00000, 0x0000000086a00000| Untracked 
|  75|0x0000000086b00000, 0x0000000086b00000, 0x0000000086c00000|  0%| F|  |TAMS 0x0000000086b00000, 0x0000000086b00000| Untracked 
|  76|0x0000000086c00000, 0x0000000086c00000, 0x0000000086d00000|  0%| F|  |TAMS 0x0000000086c00000, 0x0000000086c00000| Untracked 
|  77|0x0000000086d00000, 0x0000000086d00000, 0x0000000086e00000|  0%| F|  |TAMS 0x0000000086d00000, 0x0000000086d00000| Untracked 
|  78|0x0000000086e00000, 0x0000000086e00000, 0x0000000086f00000|  0%| F|  |TAMS 0x0000000086e00000, 0x0000000086e00000| Untracked 
|  79|0x0000000086f00000, 0x0000000086f00000, 0x0000000087000000|  0%| F|  |TAMS 0x0000000086f00000, 0x0000000086f00000| Untracked 
|  80|0x0000000087000000, 0x0000000087000000, 0x0000000087100000|  0%| F|  |TAMS 0x0000000087000000, 0x0000000087000000| Untracked 
|  81|0x0000000087100000, 0x0000000087100000, 0x0000000087200000|  0%| F|  |TAMS 0x0000000087100000, 0x0000000087100000| Untracked 
|  82|0x0000000087200000, 0x0000000087200000, 0x0000000087300000|  0%| F|  |TAMS 0x0000000087200000, 0x0000000087200000| Untracked 
|  83|0x0000000087300000, 0x0000000087300000, 0x0000000087400000|  0%| F|  |TAMS 0x0000000087300000, 0x0000000087300000| Untracked 
|  84|0x0000000087400000, 0x0000000087400000, 0x0000000087500000|  0%| F|  |TAMS 0x0000000087400000, 0x0000000087400000| Untracked 
|  85|0x0000000087500000, 0x0000000087500000, 0x0000000087600000|  0%| F|  |TAMS 0x0000000087500000, 0x0000000087500000| Untracked 
|  86|0x0000000087600000, 0x0000000087600000, 0x0000000087700000|  0%| F|  |TAMS 0x0000000087600000, 0x0000000087600000| Untracked 
|  87|0x0000000087700000, 0x0000000087700000, 0x0000000087800000|  0%| F|  |TAMS 0x0000000087700000, 0x0000000087700000| Untracked 
|  88|0x0000000087800000, 0x0000000087800000, 0x0000000087900000|  0%| F|  |TAMS 0x0000000087800000, 0x0000000087800000| Untracked 
|  89|0x0000000087900000, 0x0000000087900000, 0x0000000087a00000|  0%| F|  |TAMS 0x0000000087900000, 0x0000000087900000| Untracked 
|  90|0x0000000087a00000, 0x0000000087a00000, 0x0000000087b00000|  0%| F|  |TAMS 0x0000000087a00000, 0x0000000087a00000| Untracked 
|  91|0x0000000087b00000, 0x0000000087b00000, 0x0000000087c00000|  0%| F|  |TAMS 0x0000000087b00000, 0x0000000087b00000| Untracked 
|  92|0x0000000087c00000, 0x0000000087c00000, 0x0000000087d00000|  0%| F|  |TAMS 0x0000000087c00000, 0x0000000087c00000| Untracked 
|  93|0x0000000087d00000, 0x0000000087d00000, 0x0000000087e00000|  0%| F|  |TAMS 0x0000000087d00000, 0x0000000087d00000| Untracked 
|  94|0x0000000087e00000, 0x0000000087e00000, 0x0000000087f00000|  0%| F|  |TAMS 0x0000000087e00000, 0x0000000087e00000| Untracked 
|  95|0x0000000087f00000, 0x0000000087f00000, 0x0000000088000000|  0%| F|  |TAMS 0x0000000087f00000, 0x0000000087f00000| Untracked 
|  96|0x0000000088000000, 0x0000000088000000, 0x0000000088100000|  0%| F|  |TAMS 0x0000000088000000, 0x0000000088000000| Untracked 
|  97|0x0000000088100000, 0x0000000088100000, 0x0000000088200000|  0%| F|  |TAMS 0x0000000088100000, 0x0000000088100000| Untracked 
|  98|0x0000000088200000, 0x0000000088200000, 0x0000000088300000|  0%| F|  |TAMS 0x0000000088200000, 0x0000000088200000| Untracked 
|  99|0x0000000088300000, 0x0000000088300000, 0x0000000088400000|  0%| F|  |TAMS 0x0000000088300000, 0x0000000088300000| Untracked 
| 100|0x0000000088400000, 0x0000000088400000, 0x0000000088500000|  0%| F|  |TAMS 0x0000000088400000, 0x0000000088400000| Untracked 
| 101|0x0000000088500000, 0x0000000088500000, 0x0000000088600000|  0%| F|  |TAMS 0x0000000088500000, 0x0000000088500000| Untracked 
| 102|0x0000000088600000, 0x0000000088600000, 0x0000000088700000|  0%| F|  |TAMS 0x0000000088600000, 0x0000000088600000| Untracked 
| 103|0x0000000088700000, 0x0000000088700000, 0x0000000088800000|  0%| F|  |TAMS 0x0000000088700000, 0x0000000088700000| Untracked 
| 104|0x0000000088800000, 0x0000000088800000, 0x0000000088900000|  0%| F|  |TAMS 0x0000000088800000, 0x0000000088800000| Untracked 
| 105|0x0000000088900000, 0x0000000088900000, 0x0000000088a00000|  0%| F|  |TAMS 0x0000000088900000, 0x0000000088900000| Untracked 
| 106|0x0000000088a00000, 0x0000000088a00000, 0x0000000088b00000|  0%| F|  |TAMS 0x0000000088a00000, 0x0000000088a00000| Untracked 
| 107|0x0000000088b00000, 0x0000000088b00000, 0x0000000088c00000|  0%| F|  |TAMS 0x0000000088b00000, 0x0000000088b00000| Untracked 
| 108|0x0000000088c00000, 0x0000000088c00000, 0x0000000088d00000|  0%| F|  |TAMS 0x0000000088c00000, 0x0000000088c00000| Untracked 
| 109|0x0000000088d00000, 0x0000000088d00000, 0x0000000088e00000|  0%| F|  |TAMS 0x0000000088d00000, 0x0000000088d00000| Untracked 
| 110|0x0000000088e00000, 0x0000000088e00000, 0x0000000088f00000|  0%| F|  |TAMS 0x0000000088e00000, 0x0000000088e00000| Untracked 
| 111|0x0000000088f00000, 0x0000000089000000, 0x0000000089000000|100%| S|CS|TAMS 0x0000000088f00000, 0x0000000088f00000| Complete 
| 112|0x0000000089000000, 0x0000000089100000, 0x0000000089100000|100%| S|CS|TAMS 0x0000000089000000, 0x0000000089000000| Complete 
| 113|0x0000000089100000, 0x0000000089200000, 0x0000000089200000|100%| S|CS|TAMS 0x0000000089100000, 0x0000000089100000| Complete 
| 114|0x0000000089200000, 0x0000000089200000, 0x0000000089300000|  0%| F|  |TAMS 0x0000000089200000, 0x0000000089200000| Untracked 
| 115|0x0000000089300000, 0x0000000089300000, 0x0000000089400000|  0%| F|  |TAMS 0x0000000089300000, 0x0000000089300000| Untracked 
| 116|0x0000000089400000, 0x0000000089400000, 0x0000000089500000|  0%| F|  |TAMS 0x0000000089400000, 0x0000000089400000| Untracked 
| 117|0x0000000089500000, 0x0000000089500000, 0x0000000089600000|  0%| F|  |TAMS 0x0000000089500000, 0x0000000089500000| Untracked 
| 118|0x0000000089600000, 0x0000000089600000, 0x0000000089700000|  0%| F|  |TAMS 0x0000000089600000, 0x0000000089600000| Untracked 
| 119|0x0000000089700000, 0x0000000089700000, 0x0000000089800000|  0%| F|  |TAMS 0x0000000089700000, 0x0000000089700000| Untracked 
| 120|0x0000000089800000, 0x0000000089800000, 0x0000000089900000|  0%| F|  |TAMS 0x0000000089800000, 0x0000000089800000| Untracked 
| 121|0x0000000089900000, 0x0000000089900000, 0x0000000089a00000|  0%| F|  |TAMS 0x0000000089900000, 0x0000000089900000| Untracked 
| 122|0x0000000089a00000, 0x0000000089a00000, 0x0000000089b00000|  0%| F|  |TAMS 0x0000000089a00000, 0x0000000089a00000| Untracked 
| 123|0x0000000089b00000, 0x0000000089b00000, 0x0000000089c00000|  0%| F|  |TAMS 0x0000000089b00000, 0x0000000089b00000| Untracked 
| 124|0x0000000089c00000, 0x0000000089c00000, 0x0000000089d00000|  0%| F|  |TAMS 0x0000000089c00000, 0x0000000089c00000| Untracked 
| 125|0x0000000089d00000, 0x0000000089d00000, 0x0000000089e00000|  0%| F|  |TAMS 0x0000000089d00000, 0x0000000089d00000| Untracked 

Card table byte_map: [0x0000029daebe0000,0x0000029daefd0000] _byte_map_base: 0x0000029dae7d0000

Marking Bits (Prev, Next): (CMBitMap*) 0x0000029d97e5b968, (CMBitMap*) 0x0000029d97e5b9a0
 Prev Bits: [0x0000029daf3c0000, 0x0000029db1340000)
 Next Bits: [0x0000029db1340000, 0x0000029db32c0000)

Polling page: 0x0000029d95e30000

Metaspace:

Usage:
  Non-class:      5.96 MB capacity,     5.93 MB (>99%) used,    20.53 KB ( <1%) free+waste,     2.31 KB ( <1%) overhead. 
      Class:    624.00 KB capacity,   587.52 KB ( 94%) used,    35.48 KB (  6%) free+waste,     1.00 KB ( <1%) overhead. 
       Both:      6.57 MB capacity,     6.51 MB (>99%) used,    56.02 KB ( <1%) free+waste,     3.31 KB ( <1%) overhead. 

Virtual space:
  Non-class space:       20.00 MB reserved,       6.00 MB ( 30%) committed 
      Class space:        1.00 GB reserved,     640.00 KB ( <1%) committed 
             Both:        1.02 GB reserved,       6.63 MB ( <1%) committed 

Chunk freelists:
   Non-Class:  5.50 KB
       Class:  2.00 KB
        Both:  7.50 KB

CodeHeap 'non-profiled nmethods': size=120000Kb used=146Kb max_used=146Kb free=119853Kb
 bounds [0x0000029da6f90000, 0x0000029da7200000, 0x0000029dae4c0000]
CodeHeap 'profiled nmethods': size=120000Kb used=776Kb max_used=776Kb free=119223Kb
 bounds [0x0000029d9fa60000, 0x0000029d9fcd0000, 0x0000029da6f90000]
CodeHeap 'non-nmethods': size=5760Kb used=1046Kb max_used=1049Kb free=4713Kb
 bounds [0x0000029d9f4c0000, 0x0000029d9f730000, 0x0000029d9fa60000]
 total_blobs=784 nmethods=451 adapters=245
 compilation: enabled
              stopped_count=0, restarted_count=0
 full_count=0

Compilation events (10 events):
Event: 0.388 Thread 0x0000029db668c000  447       3       java.util.jar.JarFile::maybeInstantiateVerifier (112 bytes)
Event: 0.390 Thread 0x0000029db68b5800 nmethod 444 0x0000029da6fb2610 code [0x0000029da6fb27a0, 0x0000029da6fb29d8]
Event: 0.390 Thread 0x0000029db68b5800  443       4       java.util.zip.ZipCoder$UTF8::getBytes (10 bytes)
Event: 0.390 Thread 0x0000029db668c000 nmethod 447 0x0000029d9fb20790 code [0x0000029d9fb20ac0, 0x0000029d9fb21c98]
Event: 0.392 Thread 0x0000029db68b5800 nmethod 443 0x0000029da6fb2b10 code [0x0000029da6fb2ca0, 0x0000029da6fb2ef8]
Event: 0.393 Thread 0x0000029db668c000  448       1       java.lang.Enum::ordinal (5 bytes)
Event: 0.393 Thread 0x0000029db668c000 nmethod 448 0x0000029da6fb3090 code [0x0000029da6fb3220, 0x0000029da6fb32d8]
Event: 0.393 Thread 0x0000029db668c000  449       1       java.lang.Class::getClassLoader0 (5 bytes)
Event: 0.393 Thread 0x0000029db668c000 nmethod 449 0x0000029da6fb3390 code [0x0000029da6fb3520, 0x0000029da6fb35d8]
Event: 0.394 Thread 0x0000029db5d3a000 nmethod 445 0x0000029da6fb3690 code [0x0000029da6fb3840, 0x0000029da6fb3fd8]

GC Heap History (2 events):
Event: 0.396 GC heap before
{Heap before GC invocations=0 (full 0):
 garbage-first heap   total 129024K, used 12288K [0x0000000082000000, 0x0000000100000000)
  region size 1024K, 12 young (12288K), 0 survivors (0K)
 Metaspace       used 6664K, capacity 6724K, committed 6784K, reserved 1067008K
  class space    used 587K, capacity 624K, committed 640K, reserved 1048576K
}
Event: 0.400 GC heap after
{Heap after GC invocations=1 (full 0):
 garbage-first heap   total 129024K, used 6887K [0x0000000082000000, 0x0000000100000000)
  region size 1024K, 3 young (3072K), 3 survivors (3072K)
 Metaspace       used 6664K, capacity 6724K, committed 6784K, reserved 1067008K
  class space    used 587K, capacity 624K, committed 640K, reserved 1048576K
}

Deoptimization events (4 events):
Event: 0.159 Thread 0x0000029d97e1d000 Uncommon trap: reason=unstable_if action=reinterpret pc=0x0000029da6f96480 method=java.lang.String.hashCode()I @ 14 c2
Event: 0.178 Thread 0x0000029d97e1d000 Uncommon trap: reason=unstable_if action=reinterpret pc=0x0000029da6f918d8 method=java.lang.String.isLatin1()Z @ 10 c2
Event: 0.179 Thread 0x0000029d97e1d000 Uncommon trap: reason=unstable_if action=reinterpret pc=0x0000029da6f91370 method=java.lang.String.isLatin1()Z @ 10 c2
Event: 0.375 Thread 0x0000029d97e1d000 Uncommon trap: reason=unstable_if action=reinterpret pc=0x0000029da6fadab4 method=java.lang.String.startsWith(Ljava/lang/String;I)Z @ 14 c2

Classes redefined (0 events):
No events

Internal exceptions (2 events):
Event: 0.377 Thread 0x0000029d97e1d000 Exception <a 'java/lang/ClassNotFoundException'{0x0000000089272418}: javax/smartcardio/CardPermission> (0x0000000089272418) thrown at [./open/src/hotspot/share/classfile/systemDictionary.cpp, line 226]
Event: 0.381 Thread 0x0000029d97e1d000 Exception <a 'java/io/FileNotFoundException'{0x0000000089282a38}> (0x0000000089282a38) thrown at [./open/src/hotspot/share/prims/jni.cpp, line 611]

Events (10 events):
Event: 0.394 loading class sun/invoke/util/ValueConversions done
Event: 0.394 loading class java/lang/invoke/MethodHandleImpl
Event: 0.395 loading class java/lang/invoke/MethodHandleImpl done
Event: 0.395 loading class java/lang/invoke/Invokers
Event: 0.395 loading class java/lang/invoke/Invokers done
Event: 0.395 loading class java/lang/invoke/LambdaForm$Kind
Event: 0.395 loading class java/lang/invoke/LambdaForm$Kind done
Event: 0.395 loading class java/lang/NoSuchMethodException
Event: 0.395 loading class java/lang/NoSuchMethodException done
Event: 0.396 Executing VM operation: CollectForMetadataAllocation


Dynamic libraries:
0x00007ff723570000 - 0x00007ff72357f000 	C:\Program Files\Java\jdk-11.0.15\bin\javaw.exe
0x00007ffbcda00000 - 0x00007ffbcdc09000 	C:\WINDOWS\SYSTEM32\ntdll.dll
0x00007ffbcc660000 - 0x00007ffbcc71d000 	C:\WINDOWS\System32\KERNEL32.DLL
0x00007ffbcb490000 - 0x00007ffbcb80d000 	C:\WINDOWS\System32\KERNELBASE.dll
0x00007ffbcaee0000 - 0x00007ffbcaff1000 	C:\WINDOWS\System32\ucrtbase.dll
0x00007ffbc7560000 - 0x00007ffbc7578000 	C:\Program Files\Java\jdk-11.0.15\bin\jli.dll
0x00007ffbc7540000 - 0x00007ffbc7555000 	C:\Program Files\Java\jdk-11.0.15\bin\VCRUNTIME140.dll
0x00007ffbcd050000 - 0x00007ffbcd0fe000 	C:\WINDOWS\System32\ADVAPI32.dll
0x00007ffbcbdf0000 - 0x00007ffbcbe93000 	C:\WINDOWS\System32\msvcrt.dll
0x00007ffbcbf10000 - 0x00007ffbcbfae000 	C:\WINDOWS\System32\sechost.dll
0x00007ffbccd70000 - 0x00007ffbcce90000 	C:\WINDOWS\System32\RPCRT4.dll
0x00007ffbcc720000 - 0x00007ffbcc8cd000 	C:\WINDOWS\System32\USER32.dll
0x00007ffbbc270000 - 0x00007ffbbc515000 	C:\WINDOWS\WinSxS\amd64_microsoft.windows.common-controls_6595b64144ccf1df_6.0.22000.120_none_9d947278b86cc467\COMCTL32.dll
0x00007ffbcb460000 - 0x00007ffbcb486000 	C:\WINDOWS\System32\win32u.dll
0x00007ffbcbfb0000 - 0x00007ffbcbfd9000 	C:\WINDOWS\System32\GDI32.dll
0x00007ffbcb0c0000 - 0x00007ffbcb1d8000 	C:\WINDOWS\System32\gdi32full.dll
0x00007ffbcb1e0000 - 0x00007ffbcb27d000 	C:\WINDOWS\System32\msvcp_win.dll
0x00007ffbc4f40000 - 0x00007ffbc4f4a000 	C:\WINDOWS\SYSTEM32\VERSION.dll
0x00007ffbcc450000 - 0x00007ffbcc481000 	C:\WINDOWS\System32\IMM32.DLL
0x00007ffbaa5e0000 - 0x00007ffbaa67b000 	C:\Program Files\Java\jdk-11.0.15\bin\msvcp140.dll
0x00007ffb42ff0000 - 0x00007ffb43b06000 	C:\Program Files\Java\jdk-11.0.15\bin\server\jvm.dll
0x00007ffbcbde0000 - 0x00007ffbcbde8000 	C:\WINDOWS\System32\PSAPI.DLL
0x00007ffbc6ca0000 - 0x00007ffbc6ca9000 	C:\WINDOWS\SYSTEM32\WSOCK32.dll
0x00007ffbc49f0000 - 0x00007ffbc4a23000 	C:\WINDOWS\SYSTEM32\WINMM.dll
0x00007ffbcc9f0000 - 0x00007ffbcca5f000 	C:\WINDOWS\System32\WS2_32.dll
0x00007ffbc9fa0000 - 0x00007ffbc9fb8000 	C:\WINDOWS\SYSTEM32\kernel.appcore.dll
0x00007ffbc7d70000 - 0x00007ffbc7d80000 	C:\Program Files\Java\jdk-11.0.15\bin\verify.dll
0x00007ffbc9610000 - 0x00007ffbc9831000 	C:\WINDOWS\SYSTEM32\DBGHELP.DLL
0x00007ffbb7630000 - 0x00007ffbb7661000 	C:\WINDOWS\SYSTEM32\dbgcore.DLL
0x00007ffbcb810000 - 0x00007ffbcb88f000 	C:\WINDOWS\System32\bcryptPrimitives.dll
0x00007ffbafff0000 - 0x00007ffbb0018000 	C:\Program Files\Java\jdk-11.0.15\bin\java.dll
0x00007ffbc7b30000 - 0x00007ffbc7b3a000 	C:\Program Files\Java\jdk-11.0.15\bin\jimage.dll
0x00007ffbb0250000 - 0x00007ffbb0266000 	C:\Program Files\Java\jdk-11.0.15\bin\zip.dll
0x00007ffbcd200000 - 0x00007ffbcd9b8000 	C:\WINDOWS\System32\SHELL32.dll
0x00007ffbc8c70000 - 0x00007ffbc94d8000 	C:\WINDOWS\SYSTEM32\windows.storage.dll
0x00007ffbcc0d0000 - 0x00007ffbcc449000 	C:\WINDOWS\System32\combase.dll
0x00007ffbc8b00000 - 0x00007ffbc8c66000 	C:\WINDOWS\SYSTEM32\wintypes.dll
0x00007ffbcce90000 - 0x00007ffbccf7a000 	C:\WINDOWS\System32\SHCORE.dll
0x00007ffbccd10000 - 0x00007ffbccd6d000 	C:\WINDOWS\System32\shlwapi.dll
0x00007ffbcae10000 - 0x00007ffbcae31000 	C:\WINDOWS\SYSTEM32\profapi.dll
0x00007ffbb00b0000 - 0x00007ffbb00c9000 	C:\Program Files\Java\jdk-11.0.15\bin\net.dll
0x00007ffbc4a30000 - 0x00007ffbc4b3c000 	C:\WINDOWS\SYSTEM32\WINHTTP.dll
0x00007ffbca3c0000 - 0x00007ffbca427000 	C:\WINDOWS\system32\mswsock.dll
0x00007ffbaffd0000 - 0x00007ffbaffe2000 	C:\Program Files\Java\jdk-11.0.15\bin\nio.dll

dbghelp: loaded successfully - version: 4.0.5 - missing functions: none
symbol engine: initialized successfully - sym options: 0x614 - pdb path: .;C:\Program Files\Java\jdk-11.0.15\bin;C:\WINDOWS\SYSTEM32;C:\WINDOWS\WinSxS\amd64_microsoft.windows.common-controls_6595b64144ccf1df_6.0.22000.120_none_9d947278b86cc467;C:\Program Files\Java\jdk-11.0.15\bin\server

VM Arguments:
jvm_args: -Dfile.encoding=UTF-8 
java_command: com.transactiondetail.demo.TransactionDetailServiceApplication
java_class_path (initial): C:\Users\TEJASWINI GUTHULA\git\RetailStoreMicroservice\TransactionDetailService\target\classes;C:\Users\TEJASWINI GUTHULA\.m2\repository\org\springframework\boot\spring-boot-starter-data-jpa\2.7.3\spring-boot-starter-data-jpa-2.7.3.jar;C:\Users\TEJASWINI GUTHULA\.m2\repository\org\springframework\boot\spring-boot-starter-aop\2.7.3\spring-boot-starter-aop-2.7.3.jar;C:\Users\TEJASWINI GUTHULA\.m2\repository\org\springframework\spring-aop\5.3.22\spring-aop-5.3.22.jar;C:\Users\TEJASWINI GUTHULA\.m2\repository\org\aspectj\aspectjweaver\1.9.7\aspectjweaver-1.9.7.jar;C:\Users\TEJASWINI GUTHULA\.m2\repository\org\springframework\boot\spring-boot-starter-jdbc\2.7.3\spring-boot-starter-jdbc-2.7.3.jar;C:\Users\TEJASWINI GUTHULA\.m2\repository\com\zaxxer\HikariCP\4.0.3\HikariCP-4.0.3.jar;C:\Users\TEJASWINI GUTHULA\.m2\repository\org\springframework\spring-jdbc\5.3.22\spring-jdbc-5.3.22.jar;C:\Users\TEJASWINI GUTHULA\.m2\repository\jakarta\transaction\jakarta.transaction-api\1.3.3\jakarta.transaction-api-1.3.3.jar;C:\Users\TEJASWINI GUTHULA\.m2\repository\jakarta\persistence\jakarta.persistence-api\2.2.3\jakarta.persistence-api-2.2.3.jar;C:\Users\TEJASWINI GUTHULA\.m2\repository\org\hibernate\hibernate-core\5.6.10.Final\hibernate-core-5.6.10.Final.jar;C:\Users\TEJASWINI GUTHULA\.m2\repository\org\jboss\logging\jboss-logging\3.4.3.Final\jboss-logging-3.4.3.Final.jar;C:\Users\TEJASWINI GUTHULA\.m2\repository\net\bytebuddy\byte-buddy\1.12.13\byte-buddy-1.12.13.jar;C:\Users\TEJASWINI GUTHULA\.m2\repository\antlr\antlr\2.7.7\antlr-2.7.7.jar;C:\Users\TEJASWINI GUTHULA\.m2\repository\org\jboss\jandex\2.4.2.Final\jandex-2.4.2.Final.jar;C:\Users\TEJASWINI GUTHULA\.m2\repository\com\fasterxml\classmate\1.5.1\classmate-1.5.1.jar;C:\Users\TEJASWINI GUTHULA\.m2\repository\org\hibernate\common\hibernate-commons-annotations\5.1.2.Final\hibernate-commons-annotations-5.1.2.Final.jar;C:\Users\TEJASWINI GUTHULA\.m2\repository\org\glassfish\jaxb\jaxb-runtime\2.3.6\jaxb-
Launcher Type: SUN_STANDARD

[Global flags]
     intx CICompilerCount                          = 4                                         {product} {ergonomic}
     uint ConcGCThreads                            = 2                                         {product} {ergonomic}
     uint G1ConcRefinementThreads                  = 8                                         {product} {ergonomic}
   size_t G1HeapRegionSize                         = 1048576                                   {product} {ergonomic}
    uintx GCDrainStackTargetSize                   = 64                                        {product} {ergonomic}
   size_t InitialHeapSize                          = 132120576                                 {product} {ergonomic}
   size_t MarkStackSize                            = 4194304                                   {product} {ergonomic}
   size_t MaxHeapSize                              = 2113929216                                {product} {ergonomic}
   size_t MaxNewSize                               = 1267728384                                {product} {ergonomic}
   size_t MinHeapDeltaBytes                        = 1048576                                   {product} {ergonomic}
    uintx NonNMethodCodeHeapSize                   = 5836300                                {pd product} {ergonomic}
    uintx NonProfiledCodeHeapSize                  = 122910970                              {pd product} {ergonomic}
    uintx ProfiledCodeHeapSize                     = 122910970                              {pd product} {ergonomic}
    uintx ReservedCodeCacheSize                    = 251658240                              {pd product} {ergonomic}
     bool SegmentedCodeCache                       = true                                      {product} {ergonomic}
     bool UseCompressedClassPointers               = true                                 {lp64_product} {ergonomic}
     bool UseCompressedOops                        = true                                 {lp64_product} {ergonomic}
     bool UseG1GC                                  = true                                      {product} {ergonomic}
     bool UseLargePagesIndividualAllocation        = false                                  {pd product} {ergonomic}

Logging:
Log output configuration:
 #0: stdout all=warning uptime,level,tags
 #1: stderr all=off uptime,level,tags

Environment Variables:
JAVA_HOME=C:\Program Files\Java\jdk-10.0.2\bin
JRE_HOME=C:\Program Files\Java\jRE-10.0.2
CLASSPATH=C:\xampp\tomcat\lib\servlet-api.jar;C:\xampp\tomcat\lib\mysql-connector-java-5.1.49.jar;
PATH=C:/Users/TEJASWINI GUTHULA/Downloads/eclipse-jee-2022-06-R-win32-x86_64/eclipse//plugins/org.eclipse.justj.openjdk.hotspot.jre.full.win32.x86_64_17.0.3.v20220515-1416/jre/bin/server;C:/Users/TEJASWINI GUTHULA/Downloads/eclipse-jee-2022-06-R-win32-x86_64/eclipse//plugins/org.eclipse.justj.openjdk.hotspot.jre.full.win32.x86_64_17.0.3.v20220515-1416/jre/bin;C:\Program Files\Common Files\Oracle\Java\javapath;C:\Program Files (x86)\Common Files\Oracle\Java\javapath;C:\Program Files (x86)\Intel\Intel(R) Management Engine Components\iCLS\;C:\Program Files\Intel\Intel(R) Management Engine Components\iCLS\;C:\Windows\system32;C:\Windows;C:\Windows\System32\Wbem;C:\Windows\System32\WindowsPowerShell\v1.0\;C:\Windows\System32\OpenSSH\;C:\Program Files (x86)\NVIDIA Corporation\PhysX\Common;C:\Program Files (x86)\Intel\Intel(R) Management Engine Components\DAL;C:\Program Files\Intel\Intel(R) Management Engine Components\DAL;C:\WINDOWS\system32;C:\WINDOWS;C:\WINDOWS\System32\Wbem;C:\WINDOWS\System32\WindowsPowerShell\v1.0\;C:\WINDOWS\System32\OpenSSH\;C:\HashiCorp\Vagrant\bin;C:\Program Files\Git\cmd;C:\Program Files\Java\jdk-11.0.15;C:\Program Files\MySQL\MySQL Shell 8.0\bin\;C:\Users\TEJASWINI GUTHULA\AppData\Local\Microsoft\WindowsApps;C:\Users\TEJASWINI GUTHULA\AppData\Local\Programs\Microsoft VS Code\bin;C:\WINDOWS\system32;
USERNAME=TEJASWINI GUTHULA
OS=Windows_NT
PROCESSOR_IDENTIFIER=Intel64 Family 6 Model 142 Stepping 10, GenuineIntel



---------------  S Y S T E M  ---------------

OS: Windows 11 , 64 bit Build 22000 (10.0.22000.708)
Hyper-V role detected

CPU:total 8 (initial active 8) (4 cores per cpu, 2 threads per core) family 6 model 142 stepping 10 microcode 0xea, cmov, cx8, fxsr, mmx, sse, sse2, sse3, ssse3, sse4.1, sse4.2, popcnt, avx, avx2, aes, clmul, erms, 3dnowpref, lzcnt, ht, tsc, tscinvbit, bmi1, bmi2, adx, fma

Memory: 4k page, system-wide physical 8058M (618M free)
TotalPageFile size 10774M (AvailPageFile size 5M)
current process WorkingSet (physical memory assigned to process): 59M, peak: 59M
current process commit charge ("private bytes"): 211M, peak: 212M

vm_info: Java HotSpot(TM) 64-Bit Server VM (11.0.15+8-LTS-149) for windows-amd64 JRE (11.0.15+8-LTS-149), built on Mar  9 2022 22:42:32 by "mach5one" with MS VC++ 15.9 (VS2017)

END.
