#
# There is insufficient memory for the Java Runtime Environment to continue.
# Native memory allocation (mmap) failed to map 132120576 bytes for Failed to commit area from 0x0000000082000000 to 0x0000000089e00000 of length 132120576.
# Possible reasons:
#   The system is out of physical RAM or swap space
#   The process is running with CompressedOops enabled, and the Java Heap may be blocking the growth of the native heap
# Possible solutions:
#   Reduce memory load on the system
#   Increase physical memory or swap space
#   Check if swap backing store is full
#   Decrease Java heap size (-Xmx/-Xms)
#   Decrease number of Java threads
#   Decrease Java thread stack sizes (-Xss)
#   Set larger code cache with -XX:ReservedCodeCacheSize=
# This output file may be truncated or incomplete.
#
#  Out of Memory Error (./open/src/hotspot/os/windows/os_windows.cpp:3287), pid=14604, tid=16700
#
# JRE version:  (11.0.15+8) (build )
# Java VM: Java HotSpot(TM) 64-Bit Server VM (11.0.15+8-LTS-149, mixed mode, sharing, tiered, compressed oops, g1 gc, windows-amd64)
# No core dump will be written. Minidumps are not enabled by default on client versions of Windows
#

---------------  S U M M A R Y ------------

Command Line: -agentlib:jdwp=transport=dt_socket,suspend=y,address=localhost:61661 -javaagent:C:\Users\TEJASWINI GUTHULA\Downloads\eclipse-jee-2022-06-R-win32-x86_64\eclipse\configuration\org.eclipse.osgi\407\0\.cp\lib\javaagent-shaded.jar -Dfile.encoding=UTF-8 com.transactiondetail.demo.TransactionDetailServiceApplication

Host: Intel(R) Core(TM) i5-8250U CPU @ 1.60GHz, 8 cores, 7G,  Windows 11 , 64 bit Build 22000 (10.0.22000.708)
Time: Tue Sep  6 22:49:26 2022 India Standard Time elapsed time: 0.311849 seconds (0d 0h 0m 0s)

---------------  T H R E A D  ---------------

Current thread (0x0000014d86a11000):  JavaThread "Unknown thread" [_thread_in_vm, id=16700, stack(0x0000004aa6b00000,0x0000004aa6c00000)]

Stack: [0x0000004aa6b00000,0x0000004aa6c00000]
Native frames: (J=compiled Java code, j=interpreted, Vv=VM code, C=native code)
V  [jvm.dll+0x629d8a]
V  [jvm.dll+0x7638ff]
V  [jvm.dll+0x764fa9]
V  [jvm.dll+0x765633]
V  [jvm.dll+0x23d9c8]
V  [jvm.dll+0x6270aa]
V  [jvm.dll+0x61be35]
V  [jvm.dll+0x2f27dc]
V  [jvm.dll+0x2f2662]
V  [jvm.dll+0x2f7386]
V  [jvm.dll+0x339d8f]
V  [jvm.dll+0x3397c0]
V  [jvm.dll+0x2cfdf8]
V  [jvm.dll+0x2d0f66]
V  [jvm.dll+0x73df07]
V  [jvm.dll+0x73f79f]
V  [jvm.dll+0x346ab9]
V  [jvm.dll+0x723810]
V  [jvm.dll+0x3b56cf]
V  [jvm.dll+0x3b77e1]
C  [jli.dll+0x5207]
C  [ucrtbase.dll+0x26c0c]
C  [KERNEL32.DLL+0x154e0]
C  [ntdll.dll+0x485b]


---------------  P R O C E S S  ---------------

Threads class SMR info:
_java_thread_list=0x0000014d846804d0, length=0, elements={
}

Java Threads: ( => current thread )

Other Threads:
  0x0000014d86a25800 GCTaskThread "GC Thread#0" [stack: 0x0000004aa6c00000,0x0000004aa6d00000] [id=8672]
  0x0000014d86a57000 ConcurrentGCThread "G1 Main Marker" [stack: 0x0000004aa6d00000,0x0000004aa6e00000] [id=9220]
  0x0000014d86a59000 ConcurrentGCThread "G1 Conc#0" [stack: 0x0000004aa6e00000,0x0000004aa6f00000] [id=4572]

[error occurred during error reporting (printing all threads), id 0xc0000005, EXCEPTION_ACCESS_VIOLATION (0xc0000005) at pc=0x00007ffb432cf087]

VM state:not at safepoint (not fully initialized)

VM Mutex/Monitor currently owned by a thread:  ([mutex/lock_event])
[0x0000014d86a0bee0] Heap_lock - owner thread: 0x0000014d86a11000

Heap address: 0x0000000082000000, size: 2016 MB, Compressed Oops mode: Non-zero based: 0x0000000082000000
Narrow klass base: 0x0000000000000000, Narrow klass shift: 0

GC Heap History (0 events):
No events

Deoptimization events (0 events):
No events

Classes redefined (0 events):
No events

Internal exceptions (0 events):
No events

Events (0 events):
No events


Dynamic libraries:
0x00007ff732ca0000 - 0x00007ff732caf000 	C:\Program Files\Java\jdk-11.0.15\bin\javaw.exe
0x00007ffbcda00000 - 0x00007ffbcdc09000 	C:\WINDOWS\SYSTEM32\ntdll.dll
0x00007ffbcc660000 - 0x00007ffbcc71d000 	C:\WINDOWS\System32\KERNEL32.DLL
0x00007ffbcb490000 - 0x00007ffbcb80d000 	C:\WINDOWS\System32\KERNELBASE.dll
0x00007ffbcaee0000 - 0x00007ffbcaff1000 	C:\WINDOWS\System32\ucrtbase.dll
0x00007ffbc2960000 - 0x00007ffbc2975000 	C:\Program Files\Java\jdk-11.0.15\bin\VCRUNTIME140.dll
0x00007ffbc1550000 - 0x00007ffbc1568000 	C:\Program Files\Java\jdk-11.0.15\bin\jli.dll
0x00007ffbcd050000 - 0x00007ffbcd0fe000 	C:\WINDOWS\System32\ADVAPI32.dll
0x00007ffbcbdf0000 - 0x00007ffbcbe93000 	C:\WINDOWS\System32\msvcrt.dll
0x00007ffbcbf10000 - 0x00007ffbcbfae000 	C:\WINDOWS\System32\sechost.dll
0x00007ffbccd70000 - 0x00007ffbcce90000 	C:\WINDOWS\System32\RPCRT4.dll
0x00007ffbcc720000 - 0x00007ffbcc8cd000 	C:\WINDOWS\System32\USER32.dll
0x00007ffbcb460000 - 0x00007ffbcb486000 	C:\WINDOWS\System32\win32u.dll
0x00007ffbbc270000 - 0x00007ffbbc515000 	C:\WINDOWS\WinSxS\amd64_microsoft.windows.common-controls_6595b64144ccf1df_6.0.22000.120_none_9d947278b86cc467\COMCTL32.dll
0x00007ffbcbfb0000 - 0x00007ffbcbfd9000 	C:\WINDOWS\System32\GDI32.dll
0x00007ffbcb0c0000 - 0x00007ffbcb1d8000 	C:\WINDOWS\System32\gdi32full.dll
0x00007ffbcb1e0000 - 0x00007ffbcb27d000 	C:\WINDOWS\System32\msvcp_win.dll
0x00007ffbc4f40000 - 0x00007ffbc4f4a000 	C:\WINDOWS\SYSTEM32\VERSION.dll
0x00007ffbcc450000 - 0x00007ffbcc481000 	C:\WINDOWS\System32\IMM32.DLL
0x00007ffb9d980000 - 0x00007ffb9da1b000 	C:\Program Files\Java\jdk-11.0.15\bin\msvcp140.dll
0x00007ffb42ff0000 - 0x00007ffb43b06000 	C:\Program Files\Java\jdk-11.0.15\bin\server\jvm.dll
0x00007ffbcbde0000 - 0x00007ffbcbde8000 	C:\WINDOWS\System32\PSAPI.DLL
0x00007ffbc6ca0000 - 0x00007ffbc6ca9000 	C:\WINDOWS\SYSTEM32\WSOCK32.dll
0x00007ffbc49f0000 - 0x00007ffbc4a23000 	C:\WINDOWS\SYSTEM32\WINMM.dll
0x00007ffbcc9f0000 - 0x00007ffbcca5f000 	C:\WINDOWS\System32\WS2_32.dll
0x00007ffbc9fa0000 - 0x00007ffbc9fb8000 	C:\WINDOWS\SYSTEM32\kernel.appcore.dll
0x00007ffbc1540000 - 0x00007ffbc1550000 	C:\Program Files\Java\jdk-11.0.15\bin\verify.dll
0x00007ffbc9610000 - 0x00007ffbc9831000 	C:\WINDOWS\SYSTEM32\DBGHELP.DLL
0x00007ffbb7630000 - 0x00007ffbb7661000 	C:\WINDOWS\SYSTEM32\dbgcore.DLL
0x00007ffbcb810000 - 0x00007ffbcb88f000 	C:\WINDOWS\System32\bcryptPrimitives.dll
0x00007ffbafaf0000 - 0x00007ffbafb18000 	C:\Program Files\Java\jdk-11.0.15\bin\java.dll
0x00007ffbb0260000 - 0x00007ffbb026a000 	C:\Program Files\Java\jdk-11.0.15\bin\jimage.dll
0x00007ffba84b0000 - 0x00007ffba84e8000 	C:\Program Files\Java\jdk-11.0.15\bin\jdwp.dll
0x00007ffbb0250000 - 0x00007ffbb025e000 	C:\Program Files\Java\jdk-11.0.15\bin\instrument.dll
0x00007ffbb00b0000 - 0x00007ffbb00c6000 	C:\Program Files\Java\jdk-11.0.15\bin\zip.dll

dbghelp: loaded successfully - version: 4.0.5 - missing functions: none
symbol engine: initialized successfully - sym options: 0x614 - pdb path: .;C:\Program Files\Java\jdk-11.0.15\bin;C:\WINDOWS\SYSTEM32;C:\WINDOWS\WinSxS\amd64_microsoft.windows.common-controls_6595b64144ccf1df_6.0.22000.120_none_9d947278b86cc467;C:\Program Files\Java\jdk-11.0.15\bin\server

VM Arguments:
jvm_args: -agentlib:jdwp=transport=dt_socket,suspend=y,address=localhost:61661 -javaagent:C:\Users\TEJASWINI GUTHULA\Downloads\eclipse-jee-2022-06-R-win32-x86_64\eclipse\configuration\org.eclipse.osgi\407\0\.cp\lib\javaagent-shaded.jar -Dfile.encoding=UTF-8 
java_command: com.transactiondetail.demo.TransactionDetailServiceApplication
java_class_path (initial): C:\Users\TEJASWINI GUTHULA\git\RetailStoreMicroservice\TransactionDetailService\target\classes;C:\Users\TEJASWINI GUTHULA\.m2\repository\org\springframework\boot\spring-boot-starter-data-jpa\2.7.3\spring-boot-starter-data-jpa-2.7.3.jar;C:\Users\TEJASWINI GUTHULA\.m2\repository\org\springframework\boot\spring-boot-starter-aop\2.7.3\spring-boot-starter-aop-2.7.3.jar;C:\Users\TEJASWINI GUTHULA\.m2\repository\org\springframework\spring-aop\5.3.22\spring-aop-5.3.22.jar;C:\Users\TEJASWINI GUTHULA\.m2\repository\org\aspectj\aspectjweaver\1.9.7\aspectjweaver-1.9.7.jar;C:\Users\TEJASWINI GUTHULA\.m2\repository\org\springframework\boot\spring-boot-starter-jdbc\2.7.3\spring-boot-starter-jdbc-2.7.3.jar;C:\Users\TEJASWINI GUTHULA\.m2\repository\com\zaxxer\HikariCP\4.0.3\HikariCP-4.0.3.jar;C:\Users\TEJASWINI GUTHULA\.m2\repository\org\springframework\spring-jdbc\5.3.22\spring-jdbc-5.3.22.jar;C:\Users\TEJASWINI GUTHULA\.m2\repository\jakarta\transaction\jakarta.transaction-api\1.3.3\jakarta.transaction-api-1.3.3.jar;C:\Users\TEJASWINI GUTHULA\.m2\repository\jakarta\persistence\jakarta.persistence-api\2.2.3\jakarta.persistence-api-2.2.3.jar;C:\Users\TEJASWINI GUTHULA\.m2\repository\org\hibernate\hibernate-core\5.6.10.Final\hibernate-core-5.6.10.Final.jar;C:\Users\TEJASWINI GUTHULA\.m2\repository\org\jboss\logging\jboss-logging\3.4.3.Final\jboss-logging-3.4.3.Final.jar;C:\Users\TEJASWINI GUTHULA\.m2\repository\net\bytebuddy\byte-buddy\1.12.13\byte-buddy-1.12.13.jar;C:\Users\TEJASWINI GUTHULA\.m2\repository\antlr\antlr\2.7.7\antlr-2.7.7.jar;C:\Users\TEJASWINI GUTHULA\.m2\repository\org\jboss\jandex\2.4.2.Final\jandex-2.4.2.Final.jar;C:\Users\TEJASWINI GUTHULA\.m2\repository\com\fasterxml\classmate\1.5.1\classmate-1.5.1.jar;C:\Users\TEJASWINI GUTHULA\.m2\repository\org\hibernate\common\hibernate-commons-annotations\5.1.2.Final\hibernate-commons-annotations-5.1.2.Final.jar;C:\Users\TEJASWINI GUTHULA\.m2\repository\org\glassfish\jaxb\jaxb-runtime\2.3.6\jaxb-
Launcher Type: SUN_STANDARD

[Global flags]
     intx CICompilerCount                          = 4                                         {product} {ergonomic}
     uint ConcGCThreads                            = 2                                         {product} {ergonomic}
     uint G1ConcRefinementThreads                  = 8                                         {product} {ergonomic}
   size_t G1HeapRegionSize                         = 1048576                                   {product} {ergonomic}
    uintx GCDrainStackTargetSize                   = 64                                        {product} {ergonomic}
   size_t InitialHeapSize                          = 132120576                                 {product} {ergonomic}
   size_t MarkStackSize                            = 4194304                                   {product} {ergonomic}
   size_t MaxHeapSize                              = 2113929216                                {product} {ergonomic}
   size_t MinHeapDeltaBytes                        = 1048576                                   {product} {ergonomic}
    uintx NonNMethodCodeHeapSize                   = 5836300                                {pd product} {ergonomic}
    uintx NonProfiledCodeHeapSize                  = 122910970                              {pd product} {ergonomic}
    uintx ProfiledCodeHeapSize                     = 122910970                              {pd product} {ergonomic}
    uintx ReservedCodeCacheSize                    = 251658240                              {pd product} {ergonomic}
     bool SegmentedCodeCache                       = true                                      {product} {ergonomic}
     bool UseCompressedClassPointers               = true                                 {lp64_product} {ergonomic}
     bool UseCompressedOops                        = true                                 {lp64_product} {ergonomic}
     bool UseG1GC                                  = true                                      {product} {ergonomic}
     bool UseLargePagesIndividualAllocation        = false                                  {pd product} {ergonomic}

Logging:
Log output configuration:
 #0: stdout all=warning uptime,level,tags
 #1: stderr all=off uptime,level,tags

Environment Variables:
JAVA_HOME=C:\Program Files\Java\jdk-10.0.2\bin
JRE_HOME=C:\Program Files\Java\jRE-10.0.2
CLASSPATH=C:\xampp\tomcat\lib\servlet-api.jar;C:\xampp\tomcat\lib\mysql-connector-java-5.1.49.jar;
PATH=C:/Users/TEJASWINI GUTHULA/Downloads/eclipse-jee-2022-06-R-win32-x86_64/eclipse//plugins/org.eclipse.justj.openjdk.hotspot.jre.full.win32.x86_64_17.0.3.v20220515-1416/jre/bin/server;C:/Users/TEJASWINI GUTHULA/Downloads/eclipse-jee-2022-06-R-win32-x86_64/eclipse//plugins/org.eclipse.justj.openjdk.hotspot.jre.full.win32.x86_64_17.0.3.v20220515-1416/jre/bin;C:\Program Files\Common Files\Oracle\Java\javapath;C:\Program Files (x86)\Common Files\Oracle\Java\javapath;C:\Program Files (x86)\Intel\Intel(R) Management Engine Components\iCLS\;C:\Program Files\Intel\Intel(R) Management Engine Components\iCLS\;C:\Windows\system32;C:\Windows;C:\Windows\System32\Wbem;C:\Windows\System32\WindowsPowerShell\v1.0\;C:\Windows\System32\OpenSSH\;C:\Program Files (x86)\NVIDIA Corporation\PhysX\Common;C:\Program Files (x86)\Intel\Intel(R) Management Engine Components\DAL;C:\Program Files\Intel\Intel(R) Management Engine Components\DAL;C:\WINDOWS\system32;C:\WINDOWS;C:\WINDOWS\System32\Wbem;C:\WINDOWS\System32\WindowsPowerShell\v1.0\;C:\WINDOWS\System32\OpenSSH\;C:\HashiCorp\Vagrant\bin;C:\Program Files\Git\cmd;C:\Program Files\Java\jdk-11.0.15;C:\Program Files\MySQL\MySQL Shell 8.0\bin\;C:\Users\TEJASWINI GUTHULA\AppData\Local\Microsoft\WindowsApps;C:\Users\TEJASWINI GUTHULA\AppData\Local\Programs\Microsoft VS Code\bin;C:\WINDOWS\system32;
USERNAME=TEJASWINI GUTHULA
OS=Windows_NT
PROCESSOR_IDENTIFIER=Intel64 Family 6 Model 142 Stepping 10, GenuineIntel



---------------  S Y S T E M  ---------------

OS: Windows 11 , 64 bit Build 22000 (10.0.22000.708)
Hyper-V role detected

CPU:total 8 (initial active 8) (4 cores per cpu, 2 threads per core) family 6 model 142 stepping 10 microcode 0xea, cmov, cx8, fxsr, mmx, sse, sse2, sse3, ssse3, sse4.1, sse4.2, popcnt, avx, avx2, aes, clmul, erms, 3dnowpref, lzcnt, ht, tsc, tscinvbit, bmi1, bmi2, adx, fma

Memory: 4k page, system-wide physical 8058M (724M free)
TotalPageFile size 10774M (AvailPageFile size 53M)
current process WorkingSet (physical memory assigned to process): 10M, peak: 10M
current process commit charge ("private bytes"): 60M, peak: 186M

vm_info: Java HotSpot(TM) 64-Bit Server VM (11.0.15+8-LTS-149) for windows-amd64 JRE (11.0.15+8-LTS-149), built on Mar  9 2022 22:42:32 by "mach5one" with MS VC++ 15.9 (VS2017)

END.
