#
# There is insufficient memory for the Java Runtime Environment to continue.
# Native memory allocation (malloc) failed to allocate 608208 bytes for Chunk::new
# Possible reasons:
#   The system is out of physical RAM or swap space
#   The process is running with CompressedOops enabled, and the Java Heap may be blocking the growth of the native heap
# Possible solutions:
#   Reduce memory load on the system
#   Increase physical memory or swap space
#   Check if swap backing store is full
#   Decrease Java heap size (-Xmx/-Xms)
#   Decrease number of Java threads
#   Decrease Java thread stack sizes (-Xss)
#   Set larger code cache with -XX:ReservedCodeCacheSize=
#   JVM is running with Unscaled Compressed Oops mode in which the Java heap is
#     placed in the first 4GB address space. The Java Heap base address is the
#     maximum limit for the native heap growth. Please use -XX:HeapBaseMinAddress
#     to set the Java Heap base and to place the Java Heap above 4GB virtual address.
# This output file may be truncated or incomplete.
#
#  Out of Memory Error (./open/src/hotspot/share/memory/arena.cpp:197), pid=7112, tid=15168
#
# JRE version: Java(TM) SE Runtime Environment 18.9 (11.0.15+8) (build 11.0.15+8-LTS-149)
# Java VM: Java HotSpot(TM) 64-Bit Server VM 18.9 (11.0.15+8-LTS-149, mixed mode, tiered, compressed oops, g1 gc, windows-amd64)
# No core dump will be written. Minidumps are not enabled by default on client versions of Windows
#

---------------  S U M M A R Y ------------

Command Line: -Dfile.encoding=UTF-8 com.transactiondetail.demo.TransactionDetailServiceApplication

Host: Intel(R) Core(TM) i5-8250U CPU @ 1.60GHz, 8 cores, 7G,  Windows 11 , 64 bit Build 22000 (10.0.22000.708)
Time: Tue Sep  6 22:22:44 2022 India Standard Time elapsed time: 4.029429 seconds (0d 0h 0m 4s)

---------------  T H R E A D  ---------------

Current thread (0x000001c3b106e800):  JavaThread "C2 CompilerThread0" daemon [_thread_in_native, id=15168, stack(0x00000087cac00000,0x00000087cad00000)]


Current CompileTask:
C2:   4029 2102       4       java.lang.invoke.MethodType::makeImpl (108 bytes)

Stack: [0x00000087cac00000,0x00000087cad00000]
Native frames: (J=compiled Java code, j=interpreted, Vv=VM code, C=native code)
V  [jvm.dll+0x629d8a]
V  [jvm.dll+0x7638ff]
V  [jvm.dll+0x764fa9]
V  [jvm.dll+0x765633]
V  [jvm.dll+0x23d9c8]
V  [jvm.dll+0xb2a1c]
V  [jvm.dll+0xb2fdc]
V  [jvm.dll+0x1f7dd7]
V  [jvm.dll+0x5c0195]
V  [jvm.dll+0x5bf04e]
V  [jvm.dll+0x1f8407]
V  [jvm.dll+0x1f774d]
V  [jvm.dll+0x177c51]
V  [jvm.dll+0x207026]
V  [jvm.dll+0x2051bb]
V  [jvm.dll+0x729820]
V  [jvm.dll+0x7223f4]
V  [jvm.dll+0x628c26]
C  [ucrtbase.dll+0x26c0c]
C  [KERNEL32.DLL+0x154e0]
C  [ntdll.dll+0x485b]


---------------  P R O C E S S  ---------------

Threads class SMR info:
_java_thread_list=0x000001c3b46af390, length=12, elements={
0x000001c39313e800, 0x000001c3b1047000, 0x000001c3b104f800, 0x000001c3b19c2800,
0x000001c3b105f800, 0x000001c3b1062800, 0x000001c3b106e800, 0x000001c3b19c8000,
0x000001c3b19cb000, 0x000001c3b1b52000, 0x000001c3b1bd7800, 0x000001c3b3941000
}

Java Threads: ( => current thread )
  0x000001c39313e800 JavaThread "main" [_thread_in_Java, id=7080, stack(0x00000087ca000000,0x00000087ca100000)]
  0x000001c3b1047000 JavaThread "Reference Handler" daemon [_thread_blocked, id=13708, stack(0x00000087ca700000,0x00000087ca800000)]
  0x000001c3b104f800 JavaThread "Finalizer" daemon [_thread_blocked, id=17520, stack(0x00000087ca800000,0x00000087ca900000)]
  0x000001c3b19c2800 JavaThread "Signal Dispatcher" daemon [_thread_blocked, id=14516, stack(0x00000087ca900000,0x00000087caa00000)]
  0x000001c3b105f800 JavaThread "Attach Listener" daemon [_thread_blocked, id=16800, stack(0x00000087caa00000,0x00000087cab00000)]
  0x000001c3b1062800 JavaThread "Service Thread" daemon [_thread_blocked, id=13896, stack(0x00000087cab00000,0x00000087cac00000)]
=>0x000001c3b106e800 JavaThread "C2 CompilerThread0" daemon [_thread_in_native, id=15168, stack(0x00000087cac00000,0x00000087cad00000)]
  0x000001c3b19c8000 JavaThread "C1 CompilerThread0" daemon [_thread_blocked, id=16816, stack(0x00000087cad00000,0x00000087cae00000)]
  0x000001c3b19cb000 JavaThread "Sweeper thread" daemon [_thread_blocked, id=1844, stack(0x00000087cae00000,0x00000087caf00000)]
  0x000001c3b1b52000 JavaThread "Common-Cleaner" daemon [_thread_blocked, id=8904, stack(0x00000087cb000000,0x00000087cb100000)]
  0x000001c3b1bd7800 JavaThread "C2 CompilerThread1" daemon [_thread_blocked, id=15444, stack(0x00000087cb100000,0x00000087cb200000)]
  0x000001c3b3941000 Thread [stack: 0x00000087cb200000,0x00000087cb300000] [id=4436]

Other Threads:
  0x000001c3b1022800 VMThread "VM Thread" [stack: 0x00000087ca600000,0x00000087ca700000] [id=18400]
  0x000001c3b1b44000 WatcherThread [stack: 0x00000087caf00000,0x00000087cb000000] [id=9496]
  0x000001c393152800 GCTaskThread "GC Thread#0" [stack: 0x00000087ca100000,0x00000087ca200000] [id=15800]
  0x000001c3b271b800 GCTaskThread "GC Thread#1" [stack: 0x00000087cb300000,0x00000087cb400000] [id=6692]
  0x000001c3b271c000 GCTaskThread "GC Thread#2" [stack: 0x00000087cb400000,0x00000087cb500000] [id=7036]
  0x000001c3b356a800 GCTaskThread "GC Thread#3" [stack: 0x00000087cb600000,0x00000087cb700000] [id=8828]
  0x000001c393184000 ConcurrentGCThread "G1 Main Marker" [stack: 0x00000087ca200000,0x00000087ca300000] [id=15240]
  0x000001c393186000 ConcurrentGCThread "G1 Conc#0" [stack: 0x00000087ca300000,0x00000087ca400000] [id=8528]
  0x000001c3b2443800 ConcurrentGCThread "G1 Conc#1" [stack: 0x00000087cb700000,0x00000087cb800000] [id=7856]
  0x000001c393209000 ConcurrentGCThread "G1 Refine#0" [stack: 0x00000087ca400000,0x00000087ca500000] [id=11768]
  0x000001c3b0e92800 ConcurrentGCThread "G1 Young RemSet Sampling" [stack: 0x00000087ca500000,0x00000087ca600000] [id=4992]

Threads with active compile tasks:
C2 CompilerThread0   4133 2102       4       java.lang.invoke.MethodType::makeImpl (108 bytes)
C1 CompilerThread0   4133 2142       3       org.apache.commons.logging.LogAdapter$Slf4jLog::isTraceEnabled (10 bytes)

VM state:not at safepoint (normal execution)

VM Mutex/Monitor currently owned by a thread: None

Heap address: 0x0000000082000000, size: 2016 MB, Compressed Oops mode: 32-bit
Narrow klass base: 0x0000000000000000, Narrow klass shift: 3
Compressed class space size: 1073741824 Address: 0x0000000100000000

Heap:
 garbage-first heap   total 129024K, used 42386K [0x0000000082000000, 0x0000000100000000)
  region size 1024K, 39 young (39936K), 6 survivors (6144K)
 Metaspace       used 25295K, capacity 25895K, committed 26240K, reserved 1073152K
  class space    used 2831K, capacity 3090K, committed 3200K, reserved 1048576K
Heap Regions: E=young(eden), S=young(survivor), O=old, HS=humongous(starts), HC=humongous(continues), CS=collection set, F=free, A=archive, TAMS=top-at-mark-start (previous, next)
|   0|0x0000000082000000, 0x0000000082100000, 0x0000000082100000|100%|HS|  |TAMS 0x0000000082100000, 0x0000000082000000| Complete 
|   1|0x0000000082100000, 0x0000000082100000, 0x0000000082200000|  0%| F|  |TAMS 0x0000000082100000, 0x0000000082100000| Untracked 
|   2|0x0000000082200000, 0x0000000082300000, 0x0000000082300000|100%| O|  |TAMS 0x0000000082300000, 0x0000000082200000| Untracked 
|   3|0x0000000082300000, 0x0000000082400000, 0x0000000082400000|100%| O|  |TAMS 0x0000000082400000, 0x0000000082300000| Untracked 
|   4|0x0000000082400000, 0x0000000082500000, 0x0000000082500000|100%| O|  |TAMS 0x0000000082500000, 0x0000000082400000| Untracked 
|   5|0x0000000082500000, 0x0000000082600000, 0x0000000082600000|100%| O|  |TAMS 0x0000000082600000, 0x0000000082500000| Untracked 
|   6|0x0000000082600000, 0x000000008261b800, 0x0000000082700000| 10%| O|  |TAMS 0x000000008261b800, 0x0000000082600000| Untracked 
|   7|0x0000000082700000, 0x0000000082700000, 0x0000000082800000|  0%| F|  |TAMS 0x0000000082700000, 0x0000000082700000| Untracked 
|   8|0x0000000082800000, 0x0000000082800000, 0x0000000082900000|  0%| F|  |TAMS 0x0000000082800000, 0x0000000082800000| Untracked 
|   9|0x0000000082900000, 0x0000000082900000, 0x0000000082a00000|  0%| F|  |TAMS 0x0000000082900000, 0x0000000082900000| Untracked 
|  10|0x0000000082a00000, 0x0000000082a00000, 0x0000000082b00000|  0%| F|  |TAMS 0x0000000082a00000, 0x0000000082a00000| Untracked 
|  11|0x0000000082b00000, 0x0000000082b00000, 0x0000000082c00000|  0%| F|  |TAMS 0x0000000082b00000, 0x0000000082b00000| Untracked 
|  12|0x0000000082c00000, 0x0000000082c00000, 0x0000000082d00000|  0%| F|  |TAMS 0x0000000082c00000, 0x0000000082c00000| Untracked 
|  13|0x0000000082d00000, 0x0000000082d00000, 0x0000000082e00000|  0%| F|  |TAMS 0x0000000082d00000, 0x0000000082d00000| Untracked 
|  14|0x0000000082e00000, 0x0000000082e00000, 0x0000000082f00000|  0%| F|  |TAMS 0x0000000082e00000, 0x0000000082e00000| Untracked 
|  15|0x0000000082f00000, 0x0000000082f00000, 0x0000000083000000|  0%| F|  |TAMS 0x0000000082f00000, 0x0000000082f00000| Untracked 
|  16|0x0000000083000000, 0x0000000083000000, 0x0000000083100000|  0%| F|  |TAMS 0x0000000083000000, 0x0000000083000000| Untracked 
|  17|0x0000000083100000, 0x0000000083100000, 0x0000000083200000|  0%| F|  |TAMS 0x0000000083100000, 0x0000000083100000| Untracked 
|  18|0x0000000083200000, 0x0000000083200000, 0x0000000083300000|  0%| F|  |TAMS 0x0000000083200000, 0x0000000083200000| Untracked 
|  19|0x0000000083300000, 0x0000000083300000, 0x0000000083400000|  0%| F|  |TAMS 0x0000000083300000, 0x0000000083300000| Untracked 
|  20|0x0000000083400000, 0x0000000083400000, 0x0000000083500000|  0%| F|  |TAMS 0x0000000083400000, 0x0000000083400000| Untracked 
|  21|0x0000000083500000, 0x0000000083500000, 0x0000000083600000|  0%| F|  |TAMS 0x0000000083500000, 0x0000000083500000| Untracked 
|  22|0x0000000083600000, 0x0000000083600000, 0x0000000083700000|  0%| F|  |TAMS 0x0000000083600000, 0x0000000083600000| Untracked 
|  23|0x0000000083700000, 0x0000000083700000, 0x0000000083800000|  0%| F|  |TAMS 0x0000000083700000, 0x0000000083700000| Untracked 
|  24|0x0000000083800000, 0x0000000083800000, 0x0000000083900000|  0%| F|  |TAMS 0x0000000083800000, 0x0000000083800000| Untracked 
|  25|0x0000000083900000, 0x0000000083900000, 0x0000000083a00000|  0%| F|  |TAMS 0x0000000083900000, 0x0000000083900000| Untracked 
|  26|0x0000000083a00000, 0x0000000083a00000, 0x0000000083b00000|  0%| F|  |TAMS 0x0000000083a00000, 0x0000000083a00000| Untracked 
|  27|0x0000000083b00000, 0x0000000083b00000, 0x0000000083c00000|  0%| F|  |TAMS 0x0000000083b00000, 0x0000000083b00000| Untracked 
|  28|0x0000000083c00000, 0x0000000083c00000, 0x0000000083d00000|  0%| F|  |TAMS 0x0000000083c00000, 0x0000000083c00000| Untracked 
|  29|0x0000000083d00000, 0x0000000083d00000, 0x0000000083e00000|  0%| F|  |TAMS 0x0000000083d00000, 0x0000000083d00000| Untracked 
|  30|0x0000000083e00000, 0x0000000083e00000, 0x0000000083f00000|  0%| F|  |TAMS 0x0000000083e00000, 0x0000000083e00000| Untracked 
|  31|0x0000000083f00000, 0x0000000083f00000, 0x0000000084000000|  0%| F|  |TAMS 0x0000000083f00000, 0x0000000083f00000| Untracked 
|  32|0x0000000084000000, 0x0000000084000000, 0x0000000084100000|  0%| F|  |TAMS 0x0000000084000000, 0x0000000084000000| Untracked 
|  33|0x0000000084100000, 0x0000000084100000, 0x0000000084200000|  0%| F|  |TAMS 0x0000000084100000, 0x0000000084100000| Untracked 
|  34|0x0000000084200000, 0x0000000084200000, 0x0000000084300000|  0%| F|  |TAMS 0x0000000084200000, 0x0000000084200000| Untracked 
|  35|0x0000000084300000, 0x0000000084300000, 0x0000000084400000|  0%| F|  |TAMS 0x0000000084300000, 0x0000000084300000| Untracked 
|  36|0x0000000084400000, 0x0000000084400000, 0x0000000084500000|  0%| F|  |TAMS 0x0000000084400000, 0x0000000084400000| Untracked 
|  37|0x0000000084500000, 0x0000000084500000, 0x0000000084600000|  0%| F|  |TAMS 0x0000000084500000, 0x0000000084500000| Untracked 
|  38|0x0000000084600000, 0x0000000084600000, 0x0000000084700000|  0%| F|  |TAMS 0x0000000084600000, 0x0000000084600000| Untracked 
|  39|0x0000000084700000, 0x0000000084700000, 0x0000000084800000|  0%| F|  |TAMS 0x0000000084700000, 0x0000000084700000| Untracked 
|  40|0x0000000084800000, 0x0000000084800000, 0x0000000084900000|  0%| F|  |TAMS 0x0000000084800000, 0x0000000084800000| Untracked 
|  41|0x0000000084900000, 0x0000000084900000, 0x0000000084a00000|  0%| F|  |TAMS 0x0000000084900000, 0x0000000084900000| Untracked 
|  42|0x0000000084a00000, 0x0000000084a00000, 0x0000000084b00000|  0%| F|  |TAMS 0x0000000084a00000, 0x0000000084a00000| Untracked 
|  43|0x0000000084b00000, 0x0000000084b00000, 0x0000000084c00000|  0%| F|  |TAMS 0x0000000084b00000, 0x0000000084b00000| Untracked 
|  44|0x0000000084c00000, 0x0000000084c00000, 0x0000000084d00000|  0%| F|  |TAMS 0x0000000084c00000, 0x0000000084c00000| Untracked 
|  45|0x0000000084d00000, 0x0000000084d00000, 0x0000000084e00000|  0%| F|  |TAMS 0x0000000084d00000, 0x0000000084d00000| Untracked 
|  46|0x0000000084e00000, 0x0000000084e00000, 0x0000000084f00000|  0%| F|  |TAMS 0x0000000084e00000, 0x0000000084e00000| Untracked 
|  47|0x0000000084f00000, 0x0000000084f00000, 0x0000000085000000|  0%| F|  |TAMS 0x0000000084f00000, 0x0000000084f00000| Untracked 
|  48|0x0000000085000000, 0x0000000085000000, 0x0000000085100000|  0%| F|  |TAMS 0x0000000085000000, 0x0000000085000000| Untracked 
|  49|0x0000000085100000, 0x0000000085100000, 0x0000000085200000|  0%| F|  |TAMS 0x0000000085100000, 0x0000000085100000| Untracked 
|  50|0x0000000085200000, 0x0000000085200000, 0x0000000085300000|  0%| F|  |TAMS 0x0000000085200000, 0x0000000085200000| Untracked 
|  51|0x0000000085300000, 0x0000000085300000, 0x0000000085400000|  0%| F|  |TAMS 0x0000000085300000, 0x0000000085300000| Untracked 
|  52|0x0000000085400000, 0x0000000085400000, 0x0000000085500000|  0%| F|  |TAMS 0x0000000085400000, 0x0000000085400000| Untracked 
|  53|0x0000000085500000, 0x0000000085500000, 0x0000000085600000|  0%| F|  |TAMS 0x0000000085500000, 0x0000000085500000| Untracked 
|  54|0x0000000085600000, 0x0000000085600000, 0x0000000085700000|  0%| F|  |TAMS 0x0000000085600000, 0x0000000085600000| Untracked 
|  55|0x0000000085700000, 0x0000000085700000, 0x0000000085800000|  0%| F|  |TAMS 0x0000000085700000, 0x0000000085700000| Untracked 
|  56|0x0000000085800000, 0x0000000085800000, 0x0000000085900000|  0%| F|  |TAMS 0x0000000085800000, 0x0000000085800000| Untracked 
|  57|0x0000000085900000, 0x0000000085900000, 0x0000000085a00000|  0%| F|  |TAMS 0x0000000085900000, 0x0000000085900000| Untracked 
|  58|0x0000000085a00000, 0x0000000085a00000, 0x0000000085b00000|  0%| F|  |TAMS 0x0000000085a00000, 0x0000000085a00000| Untracked 
|  59|0x0000000085b00000, 0x0000000085b00000, 0x0000000085c00000|  0%| F|  |TAMS 0x0000000085b00000, 0x0000000085b00000| Untracked 
|  60|0x0000000085c00000, 0x0000000085c00000, 0x0000000085d00000|  0%| F|  |TAMS 0x0000000085c00000, 0x0000000085c00000| Untracked 
|  61|0x0000000085d00000, 0x0000000085d00000, 0x0000000085e00000|  0%| F|  |TAMS 0x0000000085d00000, 0x0000000085d00000| Untracked 
|  62|0x0000000085e00000, 0x0000000085e00000, 0x0000000085f00000|  0%| F|  |TAMS 0x0000000085e00000, 0x0000000085e00000| Untracked 
|  63|0x0000000085f00000, 0x0000000085f00000, 0x0000000086000000|  0%| F|  |TAMS 0x0000000085f00000, 0x0000000085f00000| Untracked 
|  64|0x0000000086000000, 0x0000000086000000, 0x0000000086100000|  0%| F|  |TAMS 0x0000000086000000, 0x0000000086000000| Untracked 
|  65|0x0000000086100000, 0x0000000086100000, 0x0000000086200000|  0%| F|  |TAMS 0x0000000086100000, 0x0000000086100000| Untracked 
|  66|0x0000000086200000, 0x0000000086200000, 0x0000000086300000|  0%| F|  |TAMS 0x0000000086200000, 0x0000000086200000| Untracked 
|  67|0x0000000086300000, 0x0000000086300000, 0x0000000086400000|  0%| F|  |TAMS 0x0000000086300000, 0x0000000086300000| Untracked 
|  68|0x0000000086400000, 0x0000000086400000, 0x0000000086500000|  0%| F|  |TAMS 0x0000000086400000, 0x0000000086400000| Untracked 
|  69|0x0000000086500000, 0x0000000086549290, 0x0000000086600000| 28%| S|CS|TAMS 0x0000000086500000, 0x0000000086500000| Complete 
|  70|0x0000000086600000, 0x0000000086700000, 0x0000000086700000|100%| S|CS|TAMS 0x0000000086600000, 0x0000000086600000| Complete 
|  71|0x0000000086700000, 0x0000000086800000, 0x0000000086800000|100%| S|CS|TAMS 0x0000000086700000, 0x0000000086700000| Complete 
|  72|0x0000000086800000, 0x0000000086900000, 0x0000000086900000|100%| S|CS|TAMS 0x0000000086800000, 0x0000000086800000| Complete 
|  73|0x0000000086900000, 0x0000000086a00000, 0x0000000086a00000|100%| S|CS|TAMS 0x0000000086900000, 0x0000000086900000| Complete 
|  74|0x0000000086a00000, 0x0000000086b00000, 0x0000000086b00000|100%| S|CS|TAMS 0x0000000086a00000, 0x0000000086a00000| Complete 
|  75|0x0000000086b00000, 0x0000000086b00000, 0x0000000086c00000|  0%| F|  |TAMS 0x0000000086b00000, 0x0000000086b00000| Untracked 
|  76|0x0000000086c00000, 0x0000000086c00000, 0x0000000086d00000|  0%| F|  |TAMS 0x0000000086c00000, 0x0000000086c00000| Untracked 
|  77|0x0000000086d00000, 0x0000000086d00000, 0x0000000086e00000|  0%| F|  |TAMS 0x0000000086d00000, 0x0000000086d00000| Untracked 
|  78|0x0000000086e00000, 0x0000000086e00000, 0x0000000086f00000|  0%| F|  |TAMS 0x0000000086e00000, 0x0000000086e00000| Untracked 
|  79|0x0000000086f00000, 0x0000000086f00000, 0x0000000087000000|  0%| F|  |TAMS 0x0000000086f00000, 0x0000000086f00000| Untracked 
|  80|0x0000000087000000, 0x0000000087000000, 0x0000000087100000|  0%| F|  |TAMS 0x0000000087000000, 0x0000000087000000| Untracked 
|  81|0x0000000087100000, 0x0000000087100000, 0x0000000087200000|  0%| F|  |TAMS 0x0000000087100000, 0x0000000087100000| Untracked 
|  82|0x0000000087200000, 0x0000000087200000, 0x0000000087300000|  0%| F|  |TAMS 0x0000000087200000, 0x0000000087200000| Untracked 
|  83|0x0000000087300000, 0x0000000087300000, 0x0000000087400000|  0%| F|  |TAMS 0x0000000087300000, 0x0000000087300000| Untracked 
|  84|0x0000000087400000, 0x0000000087400000, 0x0000000087500000|  0%| F|  |TAMS 0x0000000087400000, 0x0000000087400000| Untracked 
|  85|0x0000000087500000, 0x0000000087500000, 0x0000000087600000|  0%| F|  |TAMS 0x0000000087500000, 0x0000000087500000| Untracked 
|  86|0x0000000087600000, 0x0000000087600000, 0x0000000087700000|  0%| F|  |TAMS 0x0000000087600000, 0x0000000087600000| Untracked 
|  87|0x0000000087700000, 0x0000000087700000, 0x0000000087800000|  0%| F|  |TAMS 0x0000000087700000, 0x0000000087700000| Untracked 
|  88|0x0000000087800000, 0x0000000087800000, 0x0000000087900000|  0%| F|  |TAMS 0x0000000087800000, 0x0000000087800000| Untracked 
|  89|0x0000000087900000, 0x0000000087900000, 0x0000000087a00000|  0%| F|  |TAMS 0x0000000087900000, 0x0000000087900000| Untracked 
|  90|0x0000000087a00000, 0x0000000087a00000, 0x0000000087b00000|  0%| F|  |TAMS 0x0000000087a00000, 0x0000000087a00000| Untracked 
|  91|0x0000000087b00000, 0x0000000087b00000, 0x0000000087c00000|  0%| F|  |TAMS 0x0000000087b00000, 0x0000000087b00000| Untracked 
|  92|0x0000000087c00000, 0x0000000087c80800, 0x0000000087d00000| 50%| E|  |TAMS 0x0000000087c00000, 0x0000000087c00000| Complete 
|  93|0x0000000087d00000, 0x0000000087e00000, 0x0000000087e00000|100%| E|CS|TAMS 0x0000000087d00000, 0x0000000087d00000| Complete 
|  94|0x0000000087e00000, 0x0000000087f00000, 0x0000000087f00000|100%| E|CS|TAMS 0x0000000087e00000, 0x0000000087e00000| Complete 
|  95|0x0000000087f00000, 0x0000000088000000, 0x0000000088000000|100%| E|CS|TAMS 0x0000000087f00000, 0x0000000087f00000| Complete 
|  96|0x0000000088000000, 0x0000000088100000, 0x0000000088100000|100%| E|CS|TAMS 0x0000000088000000, 0x0000000088000000| Complete 
|  97|0x0000000088100000, 0x0000000088200000, 0x0000000088200000|100%| E|  |TAMS 0x0000000088100000, 0x0000000088100000| Complete 
|  98|0x0000000088200000, 0x0000000088300000, 0x0000000088300000|100%| E|CS|TAMS 0x0000000088200000, 0x0000000088200000| Complete 
|  99|0x0000000088300000, 0x0000000088400000, 0x0000000088400000|100%| E|CS|TAMS 0x0000000088300000, 0x0000000088300000| Complete 
| 100|0x0000000088400000, 0x0000000088500000, 0x0000000088500000|100%| E|CS|TAMS 0x0000000088400000, 0x0000000088400000| Complete 
| 101|0x0000000088500000, 0x0000000088600000, 0x0000000088600000|100%| E|CS|TAMS 0x0000000088500000, 0x0000000088500000| Complete 
| 102|0x0000000088600000, 0x0000000088700000, 0x0000000088700000|100%| E|CS|TAMS 0x0000000088600000, 0x0000000088600000| Complete 
| 103|0x0000000088700000, 0x0000000088800000, 0x0000000088800000|100%| E|CS|TAMS 0x0000000088700000, 0x0000000088700000| Complete 
| 104|0x0000000088800000, 0x0000000088900000, 0x0000000088900000|100%| E|CS|TAMS 0x0000000088800000, 0x0000000088800000| Complete 
| 105|0x0000000088900000, 0x0000000088a00000, 0x0000000088a00000|100%| E|CS|TAMS 0x0000000088900000, 0x0000000088900000| Complete 
| 106|0x0000000088a00000, 0x0000000088b00000, 0x0000000088b00000|100%| E|CS|TAMS 0x0000000088a00000, 0x0000000088a00000| Complete 
| 107|0x0000000088b00000, 0x0000000088c00000, 0x0000000088c00000|100%| E|CS|TAMS 0x0000000088b00000, 0x0000000088b00000| Complete 
| 108|0x0000000088c00000, 0x0000000088d00000, 0x0000000088d00000|100%| E|CS|TAMS 0x0000000088c00000, 0x0000000088c00000| Complete 
| 109|0x0000000088d00000, 0x0000000088e00000, 0x0000000088e00000|100%| E|CS|TAMS 0x0000000088d00000, 0x0000000088d00000| Complete 
| 110|0x0000000088e00000, 0x0000000088f00000, 0x0000000088f00000|100%| E|CS|TAMS 0x0000000088e00000, 0x0000000088e00000| Complete 
| 111|0x0000000088f00000, 0x0000000089000000, 0x0000000089000000|100%| E|CS|TAMS 0x0000000088f00000, 0x0000000088f00000| Complete 
| 112|0x0000000089000000, 0x0000000089100000, 0x0000000089100000|100%| E|CS|TAMS 0x0000000089000000, 0x0000000089000000| Complete 
| 113|0x0000000089100000, 0x0000000089200000, 0x0000000089200000|100%| E|CS|TAMS 0x0000000089100000, 0x0000000089100000| Complete 
| 114|0x0000000089200000, 0x0000000089300000, 0x0000000089300000|100%| E|CS|TAMS 0x0000000089200000, 0x0000000089200000| Complete 
| 115|0x0000000089300000, 0x0000000089400000, 0x0000000089400000|100%| E|CS|TAMS 0x0000000089300000, 0x0000000089300000| Complete 
| 116|0x0000000089400000, 0x0000000089500000, 0x0000000089500000|100%| E|CS|TAMS 0x0000000089400000, 0x0000000089400000| Complete 
| 117|0x0000000089500000, 0x0000000089600000, 0x0000000089600000|100%| E|CS|TAMS 0x0000000089500000, 0x0000000089500000| Complete 
| 118|0x0000000089600000, 0x0000000089700000, 0x0000000089700000|100%| E|CS|TAMS 0x0000000089600000, 0x0000000089600000| Complete 
| 119|0x0000000089700000, 0x0000000089800000, 0x0000000089800000|100%| E|CS|TAMS 0x0000000089700000, 0x0000000089700000| Complete 
| 120|0x0000000089800000, 0x0000000089900000, 0x0000000089900000|100%| E|CS|TAMS 0x0000000089800000, 0x0000000089800000| Complete 
| 121|0x0000000089900000, 0x0000000089a00000, 0x0000000089a00000|100%| E|CS|TAMS 0x0000000089900000, 0x0000000089900000| Complete 
| 122|0x0000000089a00000, 0x0000000089b00000, 0x0000000089b00000|100%| E|CS|TAMS 0x0000000089a00000, 0x0000000089a00000| Complete 
| 123|0x0000000089b00000, 0x0000000089c00000, 0x0000000089c00000|100%| E|CS|TAMS 0x0000000089b00000, 0x0000000089b00000| Complete 
| 124|0x0000000089c00000, 0x0000000089d00000, 0x0000000089d00000|100%| E|CS|TAMS 0x0000000089c00000, 0x0000000089c00000| Complete 
| 125|0x0000000089d00000, 0x0000000089e00000, 0x0000000089e00000|100%| E|CS|TAMS 0x0000000089d00000, 0x0000000089d00000| Complete 

Card table byte_map: [0x000001c3a9f00000,0x000001c3aa2f0000] _byte_map_base: 0x000001c3a9af0000

Marking Bits (Prev, Next): (CMBitMap*) 0x000001c39317b510, (CMBitMap*) 0x000001c39317b4d8
 Prev Bits: [0x000001c3ac660000, 0x000001c3ae5e0000)
 Next Bits: [0x000001c3aa6e0000, 0x000001c3ac660000)

Polling page: 0x000001c392910000

Metaspace:

Usage:
  Non-class:     22.27 MB capacity,    21.95 MB ( 99%) used,   261.20 KB (  1%) free+waste,    68.38 KB ( <1%) overhead. 
      Class:      3.02 MB capacity,     2.77 MB ( 92%) used,   220.20 KB (  7%) free+waste,    34.81 KB (  1%) overhead. 
       Both:     25.29 MB capacity,    24.72 MB ( 98%) used,   481.41 KB (  2%) free+waste,   103.19 KB ( <1%) overhead. 

Virtual space:
  Non-class space:       24.00 MB reserved,      22.50 MB ( 94%) committed 
      Class space:        1.00 GB reserved,       3.13 MB ( <1%) committed 
             Both:        1.02 GB reserved,      25.63 MB (  2%) committed 

Chunk freelists:
   Non-Class:  5.38 KB
       Class:  1.75 KB
        Both:  7.13 KB

CodeHeap 'non-profiled nmethods': size=120000Kb used=987Kb max_used=987Kb free=119012Kb
 bounds [0x000001c3a22b0000, 0x000001c3a2520000, 0x000001c3a97e0000]
CodeHeap 'profiled nmethods': size=120000Kb used=4169Kb max_used=4169Kb free=115830Kb
 bounds [0x000001c39ad80000, 0x000001c39b1a0000, 0x000001c3a22b0000]
CodeHeap 'non-nmethods': size=5760Kb used=1120Kb max_used=1176Kb free=4639Kb
 bounds [0x000001c39a7e0000, 0x000001c39aa50000, 0x000001c39ad80000]
 total_blobs=2586 nmethods=2145 adapters=352
 compilation: enabled
              stopped_count=0, restarted_count=0
 full_count=0

Compilation events (10 events):
Event: 3.997 Thread 0x000001c3b19c8000 2134       3       java.util.jar.Manifest$FastInputStream::readLine (296 bytes)
Event: 3.997 Thread 0x000001c3b3941000 nmethod 2123% 0x000001c3a23a0f10 code [0x000001c3a23a10c0, 0x000001c3a23a1818]
Event: 3.997 Thread 0x000001c3b3941000 2130   !   4       java.util.concurrent.ConcurrentHashMap::putVal (432 bytes)
Event: 3.998 Thread 0x000001c3b1bd7800 nmethod 2124% 0x000001c3a23a1c10 code [0x000001c3a23a1e00, 0x000001c3a23a2868]
Event: 3.998 Thread 0x000001c3b1bd7800 2111       4       java.lang.StringLatin1::toUpperCase (180 bytes)
Event: 3.998 Thread 0x000001c3b19c8000 nmethod 2134 0x000001c39b188a10 code [0x000001c39b188c20, 0x000001c39b189508]
Event: 3.998 Thread 0x000001c3b19c8000 2135       3       java.lang.ClassLoader::definePackage (53 bytes)
Event: 3.999 Thread 0x000001c3b19c8000 nmethod 2135 0x000001c39b189890 code [0x000001c39b189a80, 0x000001c39b189fb8]
Event: 4.010 Thread 0x000001c3b1bd7800 nmethod 2111 0x000001c3a23a3010 code [0x000001c3a23a31e0, 0x000001c3a23a3a78]
Event: 4.010 Thread 0x000001c3b1bd7800 2129       4       java.lang.String::lastIndexOf (29 bytes)

GC Heap History (4 events):
Event: 0.573 GC heap before
{Heap before GC invocations=0 (full 0):
 garbage-first heap   total 129024K, used 25600K [0x0000000082000000, 0x0000000100000000)
  region size 1024K, 24 young (24576K), 0 survivors (0K)
 Metaspace       used 10367K, capacity 10514K, committed 10624K, reserved 1058816K
  class space    used 986K, capacity 1062K, committed 1152K, reserved 1048576K
}
Event: 0.577 GC heap after
{Heap after GC invocations=1 (full 0):
 garbage-first heap   total 129024K, used 8302K [0x0000000082000000, 0x0000000100000000)
  region size 1024K, 3 young (3072K), 3 survivors (3072K)
 Metaspace       used 10367K, capacity 10514K, committed 10624K, reserved 1058816K
  class space    used 986K, capacity 1062K, committed 1152K, reserved 1048576K
}
Event: 3.462 GC heap before
{Heap before GC invocations=1 (full 0):
 garbage-first heap   total 129024K, used 56430K [0x0000000082000000, 0x0000000100000000)
  region size 1024K, 51 young (52224K), 3 survivors (3072K)
 Metaspace       used 20666K, capacity 21138K, committed 21248K, reserved 1069056K
  class space    used 2254K, capacity 2460K, committed 2560K, reserved 1048576K
}
Event: 3.474 GC heap after
{Heap after GC invocations=2 (full 0):
 garbage-first heap   total 129024K, used 10642K [0x0000000082000000, 0x0000000100000000)
  region size 1024K, 6 young (6144K), 6 survivors (6144K)
 Metaspace       used 20666K, capacity 21138K, committed 21248K, reserved 1069056K
  class space    used 2254K, capacity 2460K, committed 2560K, reserved 1048576K
}

Deoptimization events (10 events):
Event: 3.364 Thread 0x000001c39313e800 Uncommon trap: reason=unstable_if action=reinterpret pc=0x000001c3a23276e4 method=java.util.concurrent.ConcurrentHashMap.addCount(JI)V @ 168 c2
Event: 3.368 Thread 0x000001c39313e800 Uncommon trap: reason=class_check action=maybe_recompile pc=0x000001c3a2325278 method=java.util.HashMap.putVal(ILjava/lang/Object;Ljava/lang/Object;ZZ)Ljava/lang/Object; @ 203 c2
Event: 3.424 Thread 0x000001c39313e800 Uncommon trap: reason=class_check action=maybe_recompile pc=0x000001c3a2325278 method=java.util.HashMap.putVal(ILjava/lang/Object;Ljava/lang/Object;ZZ)Ljava/lang/Object; @ 203 c2
Event: 3.424 Thread 0x000001c39313e800 Uncommon trap: reason=class_check action=maybe_recompile pc=0x000001c3a2325278 method=java.util.HashMap.putVal(ILjava/lang/Object;Ljava/lang/Object;ZZ)Ljava/lang/Object; @ 203 c2
Event: 3.655 Thread 0x000001c39313e800 Uncommon trap: reason=unstable_if action=reinterpret pc=0x000001c3a23108e4 method=java.util.concurrent.ConcurrentHashMap.get(Ljava/lang/Object;)Ljava/lang/Object; @ 76 c2
Event: 3.667 Thread 0x000001c3b2f5b000 Uncommon trap: reason=unstable_if action=reinterpret pc=0x000001c3a23422b4 method=jdk.internal.org.objectweb.asm.Type.getArgumentsAndReturnSizes(Ljava/lang/String;)I @ 47 c2
Event: 3.667 Thread 0x000001c3b2f5b000 Uncommon trap: reason=unstable_if action=reinterpret pc=0x000001c3a235ebbc method=jdk.internal.org.objectweb.asm.Frame.push(Ljdk/internal/org/objectweb/asm/ClassWriter;Ljava/lang/String;)V @ 18 c2
Event: 3.704 Thread 0x000001c39313e800 Uncommon trap: reason=unstable_if action=reinterpret pc=0x000001c3a22e8f70 method=java.io.WinNTFileSystem.normalize(Ljava/lang/String;)Ljava/lang/String; @ 128 c2
Event: 3.704 Thread 0x000001c39313e800 Uncommon trap: reason=unstable_if action=reinterpret pc=0x000001c3a22ca80c method=java.util.zip.ZipFile$Source.getEntryPos([BZ)I @ 156 c2
Event: 3.997 Thread 0x000001c39313e800 Uncommon trap: reason=unstable_if action=reinterpret pc=0x000001c3a22c8158 method=java.util.jar.Manifest$FastInputStream.readLine([BII)I @ 130 c2

Classes redefined (0 events):
No events

Internal exceptions (10 events):
Event: 3.669 Thread 0x000001c3b2f5b000 Exception <a 'java/lang/NoSuchMethodError'{0x0000000088d91660}: java.lang.invoke.DirectMethodHandle$Holder.invokeStaticInit(Ljava/lang/Object;Ljava/lang/Object;)J> (0x0000000088d91660) thrown at [./open/src/hotspot/share/interpreter/linkResolver.cpp, line
Event: 3.669 Thread 0x000001c39313e800 Exception <a 'java/lang/ClassNotFoundException'{0x0000000088c33a50}: org/springframework/beans/factory/AwareCustomizer> (0x0000000088c33a50) thrown at [./open/src/hotspot/share/classfile/systemDictionary.cpp, line 226]
Event: 3.670 Thread 0x000001c39313e800 Exception <a 'java/lang/ClassNotFoundException'{0x0000000088c46c98}: org/springframework/beans/factory/BeanClassLoaderAwareCustomizer> (0x0000000088c46c98) thrown at [./open/src/hotspot/share/classfile/systemDictionary.cpp, line 226]
Event: 3.671 Thread 0x000001c39313e800 Exception <a 'java/lang/ClassNotFoundException'{0x0000000088c586e8}: org/springframework/beans/factory/AwareCustomizer> (0x0000000088c586e8) thrown at [./open/src/hotspot/share/classfile/systemDictionary.cpp, line 226]
Event: 3.671 Thread 0x000001c39313e800 Exception <a 'java/lang/ClassNotFoundException'{0x0000000088c6a1a0}: org/springframework/context/EnvironmentAwareCustomizer> (0x0000000088c6a1a0) thrown at [./open/src/hotspot/share/classfile/systemDictionary.cpp, line 226]
Event: 3.672 Thread 0x000001c39313e800 Exception <a 'java/lang/ClassNotFoundException'{0x0000000088c7bb68}: org/springframework/beans/factory/AwareCustomizer> (0x0000000088c7bb68) thrown at [./open/src/hotspot/share/classfile/systemDictionary.cpp, line 226]
Event: 3.672 Thread 0x000001c3b2f5b000 Exception <a 'java/lang/NoSuchMethodError'{0x0000000088d9db20}: java.lang.invoke.DirectMethodHandle$Holder.invokeInterface(Ljava/lang/Object;Ljava/lang/Object;)J> (0x0000000088d9db20) thrown at [./open/src/hotspot/share/interpreter/linkResolver.cpp, line 
Event: 3.672 Thread 0x000001c3b2f5b000 Exception <a 'java/lang/IncompatibleClassChangeError'{0x0000000088da08b8}: Found class java.lang.Object, but interface was expected> (0x0000000088da08b8) thrown at [./open/src/hotspot/share/interpreter/linkResolver.cpp, line 838]
Event: 3.687 Thread 0x000001c3b2f5b000 Exception <a 'java/lang/NoSuchMethodError'{0x0000000088a126b0}: java.lang.invoke.DirectMethodHandle$Holder.invokeVirtual(Ljava/lang/Object;Ljava/lang/Object;Ljava/lang/Object;Ljava/lang/Object;)Ljava/lang/Object;> (0x0000000088a126b0) thrown at [./open/sr
Event: 3.703 Thread 0x000001c39313e800 Exception <a 'java/lang/NoSuchMethodError'{0x0000000088acde30}: java.lang.invoke.DirectMethodHandle$Holder.invokeVirtual(Ljava/lang/Object;Ljava/lang/Object;Ljava/lang/Object;)Ljava/lang/Object;> (0x0000000088acde30) thrown at [./open/src/hotspot/share/in

Events (10 events):
Event: 3.996 loading class javax/persistence/EntityManager done
Event: 3.996 loading class org/hibernate/engine/spi/SessionImplementor
Event: 3.996 loading class org/hibernate/engine/spi/SessionImplementor done
Event: 3.997 Thread 0x000001c39313e800 Uncommon trap: trap_request=0xffffff4d fr.pc=0x000001c3a22c8158 relative=0x0000000000000598
Event: 3.997 Thread 0x000001c39313e800 DEOPT PACKING pc=0x000001c3a22c8158 sp=0x00000087ca0fd3f0
Event: 3.997 Thread 0x000001c39313e800 DEOPT UNPACKING pc=0x000001c39a80662f sp=0x00000087ca0fd380 mode 2
Event: 3.998 Thread 0x000001c39313e800 DEOPT PACKING pc=0x000001c39b1893c2 sp=0x00000087ca0fd3f0
Event: 3.998 Thread 0x000001c39313e800 DEOPT UNPACKING pc=0x000001c39a806dde sp=0x00000087ca0fc880 mode 0
Event: 3.999 loading class reactor/core/CorePublisher
Event: 3.999 loading class reactor/core/CorePublisher done


Dynamic libraries:
0x00007ff723570000 - 0x00007ff72357f000 	C:\Program Files\Java\jdk-11.0.15\bin\javaw.exe
0x00007ffbcda00000 - 0x00007ffbcdc09000 	C:\WINDOWS\SYSTEM32\ntdll.dll
0x00007ffbcc660000 - 0x00007ffbcc71d000 	C:\WINDOWS\System32\KERNEL32.DLL
0x00007ffbcb490000 - 0x00007ffbcb80d000 	C:\WINDOWS\System32\KERNELBASE.dll
0x00007ffbcaee0000 - 0x00007ffbcaff1000 	C:\WINDOWS\System32\ucrtbase.dll
0x00007ffbc7560000 - 0x00007ffbc7578000 	C:\Program Files\Java\jdk-11.0.15\bin\jli.dll
0x00007ffbc7540000 - 0x00007ffbc7555000 	C:\Program Files\Java\jdk-11.0.15\bin\VCRUNTIME140.dll
0x00007ffbcd050000 - 0x00007ffbcd0fe000 	C:\WINDOWS\System32\ADVAPI32.dll
0x00007ffbcbdf0000 - 0x00007ffbcbe93000 	C:\WINDOWS\System32\msvcrt.dll
0x00007ffbcbf10000 - 0x00007ffbcbfae000 	C:\WINDOWS\System32\sechost.dll
0x00007ffbccd70000 - 0x00007ffbcce90000 	C:\WINDOWS\System32\RPCRT4.dll
0x00007ffbcc720000 - 0x00007ffbcc8cd000 	C:\WINDOWS\System32\USER32.dll
0x00007ffbcb460000 - 0x00007ffbcb486000 	C:\WINDOWS\System32\win32u.dll
0x00007ffbbc270000 - 0x00007ffbbc515000 	C:\WINDOWS\WinSxS\amd64_microsoft.windows.common-controls_6595b64144ccf1df_6.0.22000.120_none_9d947278b86cc467\COMCTL32.dll
0x00007ffbcbfb0000 - 0x00007ffbcbfd9000 	C:\WINDOWS\System32\GDI32.dll
0x00007ffbcb0c0000 - 0x00007ffbcb1d8000 	C:\WINDOWS\System32\gdi32full.dll
0x00007ffbcb1e0000 - 0x00007ffbcb27d000 	C:\WINDOWS\System32\msvcp_win.dll
0x00007ffbc4f40000 - 0x00007ffbc4f4a000 	C:\WINDOWS\SYSTEM32\VERSION.dll
0x00007ffbcc450000 - 0x00007ffbcc481000 	C:\WINDOWS\System32\IMM32.DLL
0x00007ffbaa5e0000 - 0x00007ffbaa67b000 	C:\Program Files\Java\jdk-11.0.15\bin\msvcp140.dll
0x00007ffb42ff0000 - 0x00007ffb43b06000 	C:\Program Files\Java\jdk-11.0.15\bin\server\jvm.dll
0x00007ffbcbde0000 - 0x00007ffbcbde8000 	C:\WINDOWS\System32\PSAPI.DLL
0x00007ffbc6ca0000 - 0x00007ffbc6ca9000 	C:\WINDOWS\SYSTEM32\WSOCK32.dll
0x00007ffbc49f0000 - 0x00007ffbc4a23000 	C:\WINDOWS\SYSTEM32\WINMM.dll
0x00007ffbcc9f0000 - 0x00007ffbcca5f000 	C:\WINDOWS\System32\WS2_32.dll
0x00007ffbc9fa0000 - 0x00007ffbc9fb8000 	C:\WINDOWS\SYSTEM32\kernel.appcore.dll
0x00007ffbc7d70000 - 0x00007ffbc7d80000 	C:\Program Files\Java\jdk-11.0.15\bin\verify.dll
0x00007ffbc9610000 - 0x00007ffbc9831000 	C:\WINDOWS\SYSTEM32\DBGHELP.DLL
0x00007ffbb7630000 - 0x00007ffbb7661000 	C:\WINDOWS\SYSTEM32\dbgcore.DLL
0x00007ffbcb810000 - 0x00007ffbcb88f000 	C:\WINDOWS\System32\bcryptPrimitives.dll
0x00007ffbafff0000 - 0x00007ffbb0018000 	C:\Program Files\Java\jdk-11.0.15\bin\java.dll
0x00007ffbc7b30000 - 0x00007ffbc7b3a000 	C:\Program Files\Java\jdk-11.0.15\bin\jimage.dll
0x00007ffbb0250000 - 0x00007ffbb0266000 	C:\Program Files\Java\jdk-11.0.15\bin\zip.dll
0x00007ffbcd200000 - 0x00007ffbcd9b8000 	C:\WINDOWS\System32\SHELL32.dll
0x00007ffbc8c70000 - 0x00007ffbc94d8000 	C:\WINDOWS\SYSTEM32\windows.storage.dll
0x00007ffbcc0d0000 - 0x00007ffbcc449000 	C:\WINDOWS\System32\combase.dll
0x00007ffbc8b00000 - 0x00007ffbc8c66000 	C:\WINDOWS\SYSTEM32\wintypes.dll
0x00007ffbcce90000 - 0x00007ffbccf7a000 	C:\WINDOWS\System32\SHCORE.dll
0x00007ffbccd10000 - 0x00007ffbccd6d000 	C:\WINDOWS\System32\shlwapi.dll
0x00007ffbcae10000 - 0x00007ffbcae31000 	C:\WINDOWS\SYSTEM32\profapi.dll
0x00007ffbb00b0000 - 0x00007ffbb00c9000 	C:\Program Files\Java\jdk-11.0.15\bin\net.dll
0x00007ffbc4a30000 - 0x00007ffbc4b3c000 	C:\WINDOWS\SYSTEM32\WINHTTP.dll
0x00007ffbca3c0000 - 0x00007ffbca427000 	C:\WINDOWS\system32\mswsock.dll
0x00007ffbaffd0000 - 0x00007ffbaffe2000 	C:\Program Files\Java\jdk-11.0.15\bin\nio.dll
0x00007ffbc9aa0000 - 0x00007ffbc9acd000 	C:\WINDOWS\SYSTEM32\IPHLPAPI.DLL
0x00007ffbcc650000 - 0x00007ffbcc659000 	C:\WINDOWS\System32\NSI.dll
0x00007ffbc4580000 - 0x00007ffbc4599000 	C:\WINDOWS\SYSTEM32\dhcpcsvc6.DLL
0x00007ffbc5220000 - 0x00007ffbc523e000 	C:\WINDOWS\SYSTEM32\dhcpcsvc.DLL
0x00007ffbc9ad0000 - 0x00007ffbc9bb8000 	C:\WINDOWS\SYSTEM32\DNSAPI.dll
0x00007ffbbf0f0000 - 0x00007ffbbf0fa000 	C:\Windows\System32\rasadhlp.dll
0x00007ffbc24e0000 - 0x00007ffbc2561000 	C:\WINDOWS\System32\fwpuclnt.dll
0x00007ffbc1540000 - 0x00007ffbc1549000 	C:\Program Files\Java\jdk-11.0.15\bin\management.dll
0x00007ffbb0210000 - 0x00007ffbb021b000 	C:\Program Files\Java\jdk-11.0.15\bin\management_ext.dll
0x00007ffbb5aa0000 - 0x00007ffbb5ab7000 	C:\WINDOWS\system32\napinsp.dll
0x00007ffbc3880000 - 0x00007ffbc389b000 	C:\WINDOWS\system32\pnrpnsp.dll
0x00007ffbb5d10000 - 0x00007ffbb5d22000 	C:\WINDOWS\System32\winrnr.dll
0x00007ffbc1db0000 - 0x00007ffbc1dc5000 	C:\WINDOWS\system32\wshbth.dll
0x00007ffbb3610000 - 0x00007ffbb362f000 	C:\WINDOWS\system32\nlansp_c.dll

dbghelp: loaded successfully - version: 4.0.5 - missing functions: none
symbol engine: initialized successfully - sym options: 0x614 - pdb path: .;C:\Program Files\Java\jdk-11.0.15\bin;C:\WINDOWS\SYSTEM32;C:\WINDOWS\WinSxS\amd64_microsoft.windows.common-controls_6595b64144ccf1df_6.0.22000.120_none_9d947278b86cc467;C:\Program Files\Java\jdk-11.0.15\bin\server

VM Arguments:
jvm_args: -Dfile.encoding=UTF-8 
java_command: com.transactiondetail.demo.TransactionDetailServiceApplication
java_class_path (initial): C:\Users\TEJASWINI GUTHULA\git\RetailStoreMicroservice\TransactionDetailService\target\classes;C:\Users\TEJASWINI GUTHULA\.m2\repository\org\springframework\boot\spring-boot-starter-data-jpa\2.7.3\spring-boot-starter-data-jpa-2.7.3.jar;C:\Users\TEJASWINI GUTHULA\.m2\repository\org\springframework\boot\spring-boot-starter-aop\2.7.3\spring-boot-starter-aop-2.7.3.jar;C:\Users\TEJASWINI GUTHULA\.m2\repository\org\springframework\spring-aop\5.3.22\spring-aop-5.3.22.jar;C:\Users\TEJASWINI GUTHULA\.m2\repository\org\aspectj\aspectjweaver\1.9.7\aspectjweaver-1.9.7.jar;C:\Users\TEJASWINI GUTHULA\.m2\repository\org\springframework\boot\spring-boot-starter-jdbc\2.7.3\spring-boot-starter-jdbc-2.7.3.jar;C:\Users\TEJASWINI GUTHULA\.m2\repository\com\zaxxer\HikariCP\4.0.3\HikariCP-4.0.3.jar;C:\Users\TEJASWINI GUTHULA\.m2\repository\org\springframework\spring-jdbc\5.3.22\spring-jdbc-5.3.22.jar;C:\Users\TEJASWINI GUTHULA\.m2\repository\jakarta\transaction\jakarta.transaction-api\1.3.3\jakarta.transaction-api-1.3.3.jar;C:\Users\TEJASWINI GUTHULA\.m2\repository\jakarta\persistence\jakarta.persistence-api\2.2.3\jakarta.persistence-api-2.2.3.jar;C:\Users\TEJASWINI GUTHULA\.m2\repository\org\hibernate\hibernate-core\5.6.10.Final\hibernate-core-5.6.10.Final.jar;C:\Users\TEJASWINI GUTHULA\.m2\repository\org\jboss\logging\jboss-logging\3.4.3.Final\jboss-logging-3.4.3.Final.jar;C:\Users\TEJASWINI GUTHULA\.m2\repository\net\bytebuddy\byte-buddy\1.12.13\byte-buddy-1.12.13.jar;C:\Users\TEJASWINI GUTHULA\.m2\repository\antlr\antlr\2.7.7\antlr-2.7.7.jar;C:\Users\TEJASWINI GUTHULA\.m2\repository\org\jboss\jandex\2.4.2.Final\jandex-2.4.2.Final.jar;C:\Users\TEJASWINI GUTHULA\.m2\repository\com\fasterxml\classmate\1.5.1\classmate-1.5.1.jar;C:\Users\TEJASWINI GUTHULA\.m2\repository\org\hibernate\common\hibernate-commons-annotations\5.1.2.Final\hibernate-commons-annotations-5.1.2.Final.jar;C:\Users\TEJASWINI GUTHULA\.m2\repository\org\glassfish\jaxb\jaxb-runtime\2.3.6\jaxb-
Launcher Type: SUN_STANDARD

[Global flags]
     intx CICompilerCount                          = 4                                         {product} {ergonomic}
     uint ConcGCThreads                            = 2                                         {product} {ergonomic}
     uint G1ConcRefinementThreads                  = 8                                         {product} {ergonomic}
   size_t G1HeapRegionSize                         = 1048576                                   {product} {ergonomic}
    uintx GCDrainStackTargetSize                   = 64                                        {product} {ergonomic}
   size_t InitialHeapSize                          = 132120576                                 {product} {ergonomic}
   size_t MarkStackSize                            = 4194304                                   {product} {ergonomic}
   size_t MaxHeapSize                              = 2113929216                                {product} {ergonomic}
   size_t MaxNewSize                               = 1267728384                                {product} {ergonomic}
   size_t MinHeapDeltaBytes                        = 1048576                                   {product} {ergonomic}
    uintx NonNMethodCodeHeapSize                   = 5836300                                {pd product} {ergonomic}
    uintx NonProfiledCodeHeapSize                  = 122910970                              {pd product} {ergonomic}
    uintx ProfiledCodeHeapSize                     = 122910970                              {pd product} {ergonomic}
    uintx ReservedCodeCacheSize                    = 251658240                              {pd product} {ergonomic}
     bool SegmentedCodeCache                       = true                                      {product} {ergonomic}
     bool UseCompressedClassPointers               = true                                 {lp64_product} {ergonomic}
     bool UseCompressedOops                        = true                                 {lp64_product} {ergonomic}
     bool UseG1GC                                  = true                                      {product} {ergonomic}
     bool UseLargePagesIndividualAllocation        = false                                  {pd product} {ergonomic}

Logging:
Log output configuration:
 #0: stdout all=warning uptime,level,tags
 #1: stderr all=off uptime,level,tags

Environment Variables:
JAVA_HOME=C:\Program Files\Java\jdk-10.0.2\bin
JRE_HOME=C:\Program Files\Java\jRE-10.0.2
CLASSPATH=C:\xampp\tomcat\lib\servlet-api.jar;C:\xampp\tomcat\lib\mysql-connector-java-5.1.49.jar;
PATH=C:/Users/TEJASWINI GUTHULA/Downloads/eclipse-jee-2022-06-R-win32-x86_64/eclipse//plugins/org.eclipse.justj.openjdk.hotspot.jre.full.win32.x86_64_17.0.3.v20220515-1416/jre/bin/server;C:/Users/TEJASWINI GUTHULA/Downloads/eclipse-jee-2022-06-R-win32-x86_64/eclipse//plugins/org.eclipse.justj.openjdk.hotspot.jre.full.win32.x86_64_17.0.3.v20220515-1416/jre/bin;C:\Program Files\Common Files\Oracle\Java\javapath;C:\Program Files (x86)\Common Files\Oracle\Java\javapath;C:\Program Files (x86)\Intel\Intel(R) Management Engine Components\iCLS\;C:\Program Files\Intel\Intel(R) Management Engine Components\iCLS\;C:\Windows\system32;C:\Windows;C:\Windows\System32\Wbem;C:\Windows\System32\WindowsPowerShell\v1.0\;C:\Windows\System32\OpenSSH\;C:\Program Files (x86)\NVIDIA Corporation\PhysX\Common;C:\Program Files (x86)\Intel\Intel(R) Management Engine Components\DAL;C:\Program Files\Intel\Intel(R) Management Engine Components\DAL;C:\WINDOWS\system32;C:\WINDOWS;C:\WINDOWS\System32\Wbem;C:\WINDOWS\System32\WindowsPowerShell\v1.0\;C:\WINDOWS\System32\OpenSSH\;C:\HashiCorp\Vagrant\bin;C:\Program Files\Git\cmd;C:\Program Files\Java\jdk-11.0.15;C:\Program Files\MySQL\MySQL Shell 8.0\bin\;C:\Users\TEJASWINI GUTHULA\AppData\Local\Microsoft\WindowsApps;C:\Users\TEJASWINI GUTHULA\AppData\Local\Programs\Microsoft VS Code\bin;C:\WINDOWS\system32;
USERNAME=TEJASWINI GUTHULA
OS=Windows_NT
PROCESSOR_IDENTIFIER=Intel64 Family 6 Model 142 Stepping 10, GenuineIntel



---------------  S Y S T E M  ---------------

OS: Windows 11 , 64 bit Build 22000 (10.0.22000.708)
Hyper-V role detected

CPU:total 8 (initial active 8) (4 cores per cpu, 2 threads per core) family 6 model 142 stepping 10 microcode 0xea, cmov, cx8, fxsr, mmx, sse, sse2, sse3, ssse3, sse4.1, sse4.2, popcnt, avx, avx2, aes, clmul, erms, 3dnowpref, lzcnt, ht, tsc, tscinvbit, bmi1, bmi2, adx, fma

Memory: 4k page, system-wide physical 8058M (548M free)
TotalPageFile size 10774M (AvailPageFile size 5M)
current process WorkingSet (physical memory assigned to process): 161M, peak: 162M
current process commit charge ("private bytes"): 268M, peak: 270M

vm_info: Java HotSpot(TM) 64-Bit Server VM (11.0.15+8-LTS-149) for windows-amd64 JRE (11.0.15+8-LTS-149), built on Mar  9 2022 22:42:32 by "mach5one" with MS VC++ 15.9 (VS2017)

END.
